<?xml version="1.0" encoding="UTF-8"?>
<coverage generated="1781945684708" clover="3.2.0">
  <project timestamp="1781945684708" name="All files">
    <metrics statements="61" coveredstatements="47" conditionals="43" coveredconditionals="32" methods="20" coveredmethods="16" elements="124" coveredelements="95" complexity="0" loc="61" ncloc="61" packages="1" files="1" classes="1"/>
    <file name="authService.ts" path="/Users/sonu/Desktop/0/bookmyworker/packages/shared-mobile/src/features/auth/services/authService.ts">
      <metrics statements="61" coveredstatements="47" conditionals="43" coveredconditionals="32" methods="20" coveredmethods="16"/>
      <line num="1" count="1" type="stmt"/>
      <line num="2" count="1" type="stmt"/>
      <line num="3" count="1" type="stmt"/>
      <line num="6" count="1" type="stmt"/>
      <line num="9" count="1" type="stmt"/>
      <line num="12" count="4" type="stmt"/>
      <line num="13" count="8" type="cond" truecount="8" falsecount="2"/>
      <line num="18" count="4" type="cond" truecount="1" falsecount="3"/>
      <line num="19" count="0" type="stmt"/>
      <line num="20" count="0" type="stmt"/>
      <line num="21" count="0" type="stmt"/>
      <line num="22" count="4" type="stmt"/>
      <line num="26" count="1" type="stmt"/>
      <line num="35" count="1" type="stmt"/>
      <line num="37" count="2" type="stmt"/>
      <line num="40" count="10" type="stmt"/>
      <line num="42" count="10" type="cond" truecount="3" falsecount="0"/>
      <line num="43" count="1" type="stmt"/>
      <line num="54" count="9" type="stmt"/>
      <line num="57" count="9" type="stmt"/>
      <line num="58" count="9" type="cond" truecount="4" falsecount="0"/>
      <line num="59" count="4" type="stmt"/>
      <line num="60" count="4" type="stmt"/>
      <line num="61" count="4" type="cond" truecount="3" falsecount="0"/>
      <line num="62" count="4" type="stmt"/>
      <line num="63" count="4" type="stmt"/>
      <line num="64" count="3" type="cond" truecount="4" falsecount="0"/>
      <line num="66" count="1" type="stmt"/>
      <line num="71" count="9" type="cond" truecount="1" falsecount="0"/>
      <line num="72" count="9" type="stmt"/>
      <line num="74" count="9" type="stmt"/>
      <line num="87" count="2" type="stmt"/>
      <line num="96" count="0" type="stmt"/>
      <line num="97" count="0" type="cond" truecount="0" falsecount="3"/>
      <line num="98" count="0" type="stmt"/>
      <line num="99" count="0" type="cond" truecount="0" falsecount="1"/>
      <line num="100" count="0" type="stmt"/>
      <line num="110" count="0" type="stmt"/>
      <line num="118" count="0" type="stmt"/>
      <line num="119" count="0" type="stmt"/>
      <line num="120" count="0" type="cond" truecount="0" falsecount="1"/>
      <line num="121" count="0" type="stmt"/>
      <line num="130" count="3" type="cond" truecount="3" falsecount="0"/>
      <line num="131" count="2" type="stmt"/>
      <line num="136" count="4" type="stmt"/>
      <line num="137" count="4" type="stmt"/>
      <line num="138" count="3" type="cond" truecount="1" falsecount="0"/>
      <line num="139" count="3" type="stmt"/>
      <line num="141" count="3" type="stmt"/>
      <line num="155" count="2" type="stmt"/>
      <line num="156" count="2" type="stmt"/>
      <line num="157" count="2" type="cond" truecount="1" falsecount="0"/>
      <line num="158" count="2" type="stmt"/>
      <line num="160" count="2" type="stmt"/>
      <line num="173" count="2" type="stmt"/>
      <line num="174" count="1" type="stmt"/>
      <line num="187" count="2" type="stmt"/>
      <line num="188" count="2" type="stmt"/>
      <line num="192" count="2" type="stmt"/>
      <line num="193" count="4" type="stmt"/>
      <line num="194" count="0" type="stmt"/>
    </file>
  </project>
</coverage>
