{"/Users/sonu/Desktop/BookMyWorker/bookmyworker/packages/shared-mobile/src/core/api/client.ts": {"path":"/Users/sonu/Desktop/BookMyWorker/bookmyworker/packages/shared-mobile/src/core/api/client.ts","statementMap":{"0":{"start":{"line":1,"column":0},"end":{"line":1,"column":42}},"1":{"start":{"line":2,"column":0},"end":{"line":2,"column":36}},"2":{"start":{"line":3,"column":0},"end":{"line":3,"column":74}},"3":{"start":{"line":4,"column":0},"end":{"line":4,"column":65}},"4":{"start":{"line":11,"column":19},"end":{"line":19,"column":1}},"5":{"start":{"line":12,"column":19},"end":{"line":13,"column":null}},"6":{"start":{"line":16,"column":2},"end":{"line":16,"column":47}},"7":{"start":{"line":17,"column":2},"end":{"line":17,"column":50}},"8":{"start":{"line":18,"column":2},"end":{"line":18,"column":18}},"9":{"start":{"line":21,"column":13},"end":{"line":29,"column":3}},"10":{"start":{"line":31,"column":0},"end":{"line":37,"column":3}},"11":{"start":{"line":32,"column":16},"end":{"line":32,"column":38}},"12":{"start":{"line":33,"column":2},"end":{"line":35,"column":3}},"13":{"start":{"line":34,"column":4},"end":{"line":34,"column":53}},"14":{"start":{"line":36,"column":2},"end":{"line":36,"column":16}},"15":{"start":{"line":39,"column":0},"end":{"line":54,"column":2}},"16":{"start":{"line":40,"column":16},"end":{"line":40,"column":24}},"17":{"start":{"line":42,"column":4},"end":{"line":51,"column":5}},"18":{"start":{"line":46,"column":28},"end":{"line":46,"column":68}},"19":{"start":{"line":46,"column":63},"end":{"line":46,"column":67}},"20":{"start":{"line":47,"column":6},"end":{"line":50,"column":7}},"21":{"start":{"line":48,"column":8},"end":{"line":48,"column":49}},"22":{"start":{"line":49,"column":8},"end":{"line":49,"column":27}},"23":{"start":{"line":52,"column":4},"end":{"line":52,"column":45}}},"fnMap":{"0":{"name":"(anonymous_1)","decl":{"start":{"line":11,"column":19},"end":{"line":11,"column":20}},"loc":{"start":{"line":11,"column":97},"end":{"line":19,"column":1}}},"1":{"name":"(anonymous_2)","decl":{"start":{"line":31,"column":35},"end":{"line":31,"column":40}},"loc":{"start":{"line":31,"column":52},"end":{"line":37,"column":1}}},"2":{"name":"(anonymous_3)","decl":{"start":{"line":40,"column":2},"end":{"line":40,"column":3}},"loc":{"start":{"line":40,"column":16},"end":{"line":40,"column":24}}},"3":{"name":"(anonymous_4)","decl":{"start":{"line":41,"column":2},"end":{"line":41,"column":7}},"loc":{"start":{"line":41,"column":70},"end":{"line":53,"column":3}}},"4":{"name":"(anonymous_5)","decl":{"start":{"line":46,"column":57},"end":{"line":46,"column":60}},"loc":{"start":{"line":46,"column":63},"end":{"line":46,"column":67}}},"5":{"name":"(anonymous_6)","decl":{"start":{"line":48,"column":39},"end":{"line":48,"column":42}},"loc":{"start":{"line":48,"column":44},"end":{"line":48,"column":47}}}},"branchMap":{"0":{"loc":{"start":{"line":13,"column":4},"end":{"line":13,"column":95}},"type":"cond-expr","locations":[{"start":{"line":13,"column":50},"end":{"line":13,"column":54}},{"start":{"line":13,"column":54},"end":{"line":13,"column":95}}]},"1":{"loc":{"start":{"line":13,"column":4},"end":{"line":13,"column":54}},"type":"binary-expr","locations":[{"start":{"line":13,"column":4},"end":{"line":13,"column":54}},{"start":{"line":13,"column":50},"end":{"line":13,"column":54}}]},"2":{"loc":{"start":{"line":13,"column":4},"end":{"line":13,"column":50}},"type":"cond-expr","locations":[{"start":{"line":13,"column":33},"end":{"line":13,"column":37}},{"start":{"line":13,"column":37},"end":{"line":13,"column":50}}]},"3":{"loc":{"start":{"line":13,"column":4},"end":{"line":13,"column":37}},"type":"binary-expr","locations":[{"start":{"line":13,"column":4},"end":{"line":13,"column":37}},{"start":{"line":13,"column":33},"end":{"line":13,"column":37}}]},"4":{"loc":{"start":{"line":13,"column":4},"end":{"line":13,"column":33}},"type":"cond-expr","locations":[{"start":{"line":13,"column":24},"end":{"line":13,"column":26}},{"start":{"line":13,"column":24},"end":{"line":13,"column":33}}]},"5":{"loc":{"start":{"line":13,"column":4},"end":{"line":13,"column":26}},"type":"binary-expr","locations":[{"start":{"line":13,"column":4},"end":{"line":13,"column":26}},{"start":{"line":13,"column":24},"end":{"line":13,"column":26}}]},"6":{"loc":{"start":{"line":13,"column":4},"end":{"line":13,"column":24}},"type":"cond-expr","locations":[{"start":{"line":13,"column":18},"end":{"line":13,"column":20}},{"start":{"line":13,"column":18},"end":{"line":13,"column":24}}]},"7":{"loc":{"start":{"line":13,"column":4},"end":{"line":13,"column":20}},"type":"binary-expr","locations":[{"start":{"line":13,"column":4},"end":{"line":13,"column":20}},{"start":{"line":13,"column":18},"end":{"line":13,"column":20}}]},"8":{"loc":{"start":{"line":16,"column":24},"end":{"line":16,"column":46}},"type":"cond-expr","locations":[{"start":{"line":16,"column":38},"end":{"line":16,"column":40}},{"start":{"line":16,"column":38},"end":{"line":16,"column":46}}]},"9":{"loc":{"start":{"line":16,"column":24},"end":{"line":16,"column":40}},"type":"binary-expr","locations":[{"start":{"line":16,"column":24},"end":{"line":16,"column":40}},{"start":{"line":16,"column":38},"end":{"line":16,"column":40}}]},"10":{"loc":{"start":{"line":17,"column":21},"end":{"line":17,"column":49}},"type":"cond-expr","locations":[{"start":{"line":17,"column":41},"end":{"line":17,"column":43}},{"start":{"line":17,"column":41},"end":{"line":17,"column":49}}]},"11":{"loc":{"start":{"line":17,"column":21},"end":{"line":17,"column":43}},"type":"binary-expr","locations":[{"start":{"line":17,"column":21},"end":{"line":17,"column":43}},{"start":{"line":17,"column":41},"end":{"line":17,"column":43}}]},"12":{"loc":{"start":{"line":17,"column":21},"end":{"line":17,"column":41}},"type":"cond-expr","locations":[{"start":{"line":17,"column":35},"end":{"line":17,"column":37}},{"start":{"line":17,"column":35},"end":{"line":17,"column":41}}]},"13":{"loc":{"start":{"line":17,"column":21},"end":{"line":17,"column":37}},"type":"binary-expr","locations":[{"start":{"line":17,"column":21},"end":{"line":17,"column":37}},{"start":{"line":17,"column":35},"end":{"line":17,"column":37}}]},"14":{"loc":{"start":{"line":33,"column":2},"end":{"line":35,"column":3}},"type":"if","locations":[{"start":{"line":33,"column":2},"end":{"line":35,"column":3}}]},"15":{"loc":{"start":{"line":42,"column":4},"end":{"line":51,"column":5}},"type":"if","locations":[{"start":{"line":42,"column":4},"end":{"line":51,"column":5}}]},"16":{"loc":{"start":{"line":42,"column":8},"end":{"line":42,"column":30}},"type":"cond-expr","locations":[{"start":{"line":42,"column":22},"end":{"line":42,"column":24}},{"start":{"line":42,"column":22},"end":{"line":42,"column":30}}]},"17":{"loc":{"start":{"line":42,"column":8},"end":{"line":42,"column":24}},"type":"binary-expr","locations":[{"start":{"line":42,"column":8},"end":{"line":42,"column":24}},{"start":{"line":42,"column":22},"end":{"line":42,"column":24}}]},"18":{"loc":{"start":{"line":47,"column":6},"end":{"line":50,"column":7}},"type":"if","locations":[{"start":{"line":47,"column":6},"end":{"line":50,"column":7}}]}},"s":{"0":12,"1":12,"2":12,"3":12,"4":12,"5":51,"6":51,"7":51,"8":51,"9":12,"10":12,"11":217,"12":217,"13":4,"14":217,"15":12,"16":166,"17":51,"18":7,"19":0,"20":7,"21":1,"22":1,"23":51},"f":{"0":51,"1":217,"2":166,"3":51,"4":0,"5":0},"b":{"0":[51,0],"1":[51,51],"2":[46,5],"3":[51,51],"4":[4,47],"5":[51,51],"6":[4,47],"7":[51,51],"8":[4,47],"9":[51,51],"10":[4,47],"11":[51,51],"12":[4,47],"13":[51,51],"14":[4],"15":[7],"16":[4,47],"17":[51,51],"18":[1]}}
,"/Users/sonu/Desktop/BookMyWorker/bookmyworker/packages/shared-mobile/src/core/api/endpoints/agentApi.ts": {"path":"/Users/sonu/Desktop/BookMyWorker/bookmyworker/packages/shared-mobile/src/core/api/endpoints/agentApi.ts","statementMap":{"0":{"start":{"line":1,"column":0},"end":{"line":1,"column":38}},"1":{"start":{"line":16,"column":13},"end":{"line":55,"column":2}},"2":{"start":{"line":18,"column":4},"end":{"line":18,"column":77}},"3":{"start":{"line":18,"column":70},"end":{"line":18,"column":76}},"4":{"start":{"line":21,"column":4},"end":{"line":23,"column":26}},"5":{"start":{"line":23,"column":19},"end":{"line":23,"column":25}},"6":{"start":{"line":26,"column":4},"end":{"line":26,"column":82}},"7":{"start":{"line":26,"column":75},"end":{"line":26,"column":81}},"8":{"start":{"line":29,"column":4},"end":{"line":31,"column":26}},"9":{"start":{"line":31,"column":19},"end":{"line":31,"column":25}},"10":{"start":{"line":34,"column":4},"end":{"line":36,"column":26}},"11":{"start":{"line":36,"column":19},"end":{"line":36,"column":25}},"12":{"start":{"line":39,"column":4},"end":{"line":41,"column":26}},"13":{"start":{"line":41,"column":19},"end":{"line":41,"column":25}},"14":{"start":{"line":44,"column":4},"end":{"line":46,"column":26}},"15":{"start":{"line":46,"column":19},"end":{"line":46,"column":25}},"16":{"start":{"line":49,"column":4},"end":{"line":54,"column":26}},"17":{"start":{"line":54,"column":19},"end":{"line":54,"column":25}}},"fnMap":{"0":{"name":"(anonymous_0)","decl":{"start":{"line":17,"column":12},"end":{"line":17,"column":15}},"loc":{"start":{"line":18,"column":4},"end":{"line":18,"column":77}}},"1":{"name":"(anonymous_1)","decl":{"start":{"line":18,"column":63},"end":{"line":18,"column":64}},"loc":{"start":{"line":18,"column":70},"end":{"line":18,"column":76}}},"2":{"name":"(anonymous_2)","decl":{"start":{"line":20,"column":14},"end":{"line":20,"column":15}},"loc":{"start":{"line":21,"column":4},"end":{"line":23,"column":26}}},"3":{"name":"(anonymous_3)","decl":{"start":{"line":23,"column":12},"end":{"line":23,"column":13}},"loc":{"start":{"line":23,"column":19},"end":{"line":23,"column":25}}},"4":{"name":"(anonymous_4)","decl":{"start":{"line":25,"column":14},"end":{"line":25,"column":15}},"loc":{"start":{"line":26,"column":4},"end":{"line":26,"column":82}}},"5":{"name":"(anonymous_5)","decl":{"start":{"line":26,"column":68},"end":{"line":26,"column":69}},"loc":{"start":{"line":26,"column":75},"end":{"line":26,"column":81}}},"6":{"name":"(anonymous_6)","decl":{"start":{"line":28,"column":25},"end":{"line":28,"column":26}},"loc":{"start":{"line":29,"column":4},"end":{"line":31,"column":26}}},"7":{"name":"(anonymous_7)","decl":{"start":{"line":31,"column":12},"end":{"line":31,"column":13}},"loc":{"start":{"line":31,"column":19},"end":{"line":31,"column":25}}},"8":{"name":"(anonymous_8)","decl":{"start":{"line":33,"column":17},"end":{"line":33,"column":18}},"loc":{"start":{"line":34,"column":4},"end":{"line":36,"column":26}}},"9":{"name":"(anonymous_9)","decl":{"start":{"line":36,"column":12},"end":{"line":36,"column":13}},"loc":{"start":{"line":36,"column":19},"end":{"line":36,"column":25}}},"10":{"name":"(anonymous_10)","decl":{"start":{"line":38,"column":26},"end":{"line":38,"column":27}},"loc":{"start":{"line":39,"column":4},"end":{"line":41,"column":26}}},"11":{"name":"(anonymous_11)","decl":{"start":{"line":41,"column":12},"end":{"line":41,"column":13}},"loc":{"start":{"line":41,"column":19},"end":{"line":41,"column":25}}},"12":{"name":"(anonymous_12)","decl":{"start":{"line":43,"column":18},"end":{"line":43,"column":19}},"loc":{"start":{"line":44,"column":4},"end":{"line":46,"column":26}}},"13":{"name":"(anonymous_13)","decl":{"start":{"line":46,"column":12},"end":{"line":46,"column":13}},"loc":{"start":{"line":46,"column":19},"end":{"line":46,"column":25}}},"14":{"name":"(anonymous_14)","decl":{"start":{"line":48,"column":16},"end":{"line":48,"column":17}},"loc":{"start":{"line":49,"column":4},"end":{"line":54,"column":26}}},"15":{"name":"(anonymous_15)","decl":{"start":{"line":54,"column":12},"end":{"line":54,"column":13}},"loc":{"start":{"line":54,"column":19},"end":{"line":54,"column":25}}}},"branchMap":{},"s":{"0":1,"1":1,"2":2,"3":1,"4":3,"5":2,"6":2,"7":1,"8":2,"9":2,"10":2,"11":2,"12":2,"13":1,"14":2,"15":1,"16":3,"17":3},"f":{"0":2,"1":1,"2":3,"3":2,"4":2,"5":1,"6":2,"7":2,"8":2,"9":2,"10":2,"11":1,"12":2,"13":1,"14":3,"15":3},"b":{}}
,"/Users/sonu/Desktop/BookMyWorker/bookmyworker/packages/shared-mobile/src/core/api/endpoints/authApi.ts": {"path":"/Users/sonu/Desktop/BookMyWorker/bookmyworker/packages/shared-mobile/src/core/api/endpoints/authApi.ts","statementMap":{"0":{"start":{"line":1,"column":0},"end":{"line":1,"column":38}},"1":{"start":{"line":2,"column":0},"end":{"line":2,"column":49}},"2":{"start":{"line":53,"column":2},"end":{"line":61,"column":3}},"3":{"start":{"line":54,"column":21},"end":{"line":54,"column":39}},"4":{"start":{"line":55,"column":23},"end":{"line":55,"column":43}},"5":{"start":{"line":56,"column":19},"end":{"line":56,"column":35}},"6":{"start":{"line":57,"column":18},"end":{"line":57,"column":33}},"7":{"start":{"line":58,"column":18},"end":{"line":58,"column":33}},"8":{"start":{"line":59,"column":23},"end":{"line":59,"column":43}},"9":{"start":{"line":60,"column":13},"end":{"line":60,"column":29}},"10":{"start":{"line":65,"column":2},"end":{"line":86,"column":4}},"11":{"start":{"line":91,"column":2},"end":{"line":97,"column":3}},"12":{"start":{"line":92,"column":21},"end":{"line":92,"column":39}},"13":{"start":{"line":93,"column":19},"end":{"line":93,"column":39}},"14":{"start":{"line":94,"column":18},"end":{"line":94,"column":33}},"15":{"start":{"line":95,"column":18},"end":{"line":95,"column":33}},"16":{"start":{"line":96,"column":13},"end":{"line":96,"column":31}},"17":{"start":{"line":100,"column":26},"end":{"line":108,"column":1}},"18":{"start":{"line":101,"column":19},"end":{"line":105,"column":4}},"19":{"start":{"line":106,"column":15},"end":{"line":106,"column":52}},"20":{"start":{"line":107,"column":2},"end":{"line":107,"column":62}},"21":{"start":{"line":100,"column":13},"end":{"line":100,"column":26}},"22":{"start":{"line":136,"column":28},"end":{"line":140,"column":1}},"23":{"start":{"line":137,"column":19},"end":{"line":137,"column":73}},"24":{"start":{"line":138,"column":15},"end":{"line":138,"column":52}},"25":{"start":{"line":139,"column":2},"end":{"line":139,"column":64}},"26":{"start":{"line":136,"column":13},"end":{"line":136,"column":28}},"27":{"start":{"line":142,"column":29},"end":{"line":158,"column":1}},"28":{"start":{"line":146,"column":14},"end":{"line":150,"column":4}},"29":{"start":{"line":153,"column":2},"end":{"line":155,"column":3}},"30":{"start":{"line":154,"column":4},"end":{"line":154,"column":57}},"31":{"start":{"line":157,"column":2},"end":{"line":157,"column":18}},"32":{"start":{"line":142,"column":13},"end":{"line":142,"column":29}},"33":{"start":{"line":160,"column":25},"end":{"line":179,"column":1}},"34":{"start":{"line":161,"column":19},"end":{"line":167,"column":4}},"35":{"start":{"line":168,"column":15},"end":{"line":168,"column":97}},"36":{"start":{"line":170,"column":2},"end":{"line":172,"column":3}},"37":{"start":{"line":171,"column":4},"end":{"line":171,"column":58}},"38":{"start":{"line":174,"column":2},"end":{"line":178,"column":4}},"39":{"start":{"line":160,"column":13},"end":{"line":160,"column":25}},"40":{"start":{"line":181,"column":33},"end":{"line":183,"column":1}},"41":{"start":{"line":182,"column":2},"end":{"line":182,"column":66}},"42":{"start":{"line":181,"column":13},"end":{"line":181,"column":33}},"43":{"start":{"line":185,"column":29},"end":{"line":194,"column":1}},"44":{"start":{"line":186,"column":19},"end":{"line":186,"column":80}},"45":{"start":{"line":187,"column":15},"end":{"line":187,"column":97}},"46":{"start":{"line":188,"column":2},"end":{"line":188,"column":72}},"47":{"start":{"line":188,"column":33},"end":{"line":188,"column":72}},"48":{"start":{"line":189,"column":2},"end":{"line":193,"column":4}},"49":{"start":{"line":185,"column":13},"end":{"line":185,"column":29}},"50":{"start":{"line":196,"column":33},"end":{"line":215,"column":1}},"51":{"start":{"line":203,"column":22},"end":{"line":203,"column":84}},"52":{"start":{"line":204,"column":19},"end":{"line":211,"column":4}},"53":{"start":{"line":212,"column":15},"end":{"line":212,"column":97}},"54":{"start":{"line":213,"column":2},"end":{"line":213,"column":87}},"55":{"start":{"line":213,"column":33},"end":{"line":213,"column":87}},"56":{"start":{"line":214,"column":2},"end":{"line":214,"column":101}},"57":{"start":{"line":196,"column":13},"end":{"line":196,"column":33}},"58":{"start":{"line":217,"column":36},"end":{"line":223,"column":1}},"59":{"start":{"line":222,"column":2},"end":{"line":222,"column":98}},"60":{"start":{"line":217,"column":13},"end":{"line":217,"column":36}},"61":{"start":{"line":225,"column":38},"end":{"line":231,"column":1}},"62":{"start":{"line":230,"column":2},"end":{"line":230,"column":88}},"63":{"start":{"line":225,"column":13},"end":{"line":225,"column":38}},"64":{"start":{"line":233,"column":29},"end":{"line":240,"column":1}},"65":{"start":{"line":239,"column":2},"end":{"line":239,"column":63}},"66":{"start":{"line":233,"column":13},"end":{"line":233,"column":29}},"67":{"start":{"line":242,"column":30},"end":{"line":247,"column":1}},"68":{"start":{"line":243,"column":19},"end":{"line":243,"column":62}},"69":{"start":{"line":244,"column":15},"end":{"line":244,"column":68}},"70":{"start":{"line":245,"column":14},"end":{"line":245,"column":76}},"71":{"start":{"line":246,"column":2},"end":{"line":246,"column":29}},"72":{"start":{"line":242,"column":13},"end":{"line":242,"column":30}},"73":{"start":{"line":270,"column":35},"end":{"line":283,"column":1}},"74":{"start":{"line":271,"column":13},"end":{"line":271,"column":27}},"75":{"start":{"line":272,"column":2},"end":{"line":281,"column":5}},"76":{"start":{"line":273,"column":4},"end":{"line":273,"column":50}},"77":{"start":{"line":273,"column":43},"end":{"line":273,"column":50}},"78":{"start":{"line":274,"column":4},"end":{"line":280,"column":5}},"79":{"start":{"line":275,"column":6},"end":{"line":275,"column":42}},"80":{"start":{"line":276,"column":11},"end":{"line":280,"column":5}},"81":{"start":{"line":277,"column":6},"end":{"line":277,"column":42}},"82":{"start":{"line":279,"column":6},"end":{"line":279,"column":34}},"83":{"start":{"line":282,"column":2},"end":{"line":282,"column":27}},"84":{"start":{"line":270,"column":13},"end":{"line":270,"column":35}},"85":{"start":{"line":285,"column":29},"end":{"line":292,"column":1}},"86":{"start":{"line":286,"column":19},"end":{"line":288,"column":4}},"87":{"start":{"line":289,"column":15},"end":{"line":289,"column":68}},"88":{"start":{"line":290,"column":14},"end":{"line":290,"column":76}},"89":{"start":{"line":291,"column":2},"end":{"line":291,"column":29}},"90":{"start":{"line":285,"column":13},"end":{"line":285,"column":29}},"91":{"start":{"line":294,"column":25},"end":{"line":298,"column":1}},"92":{"start":{"line":295,"column":2},"end":{"line":297,"column":5}},"93":{"start":{"line":294,"column":13},"end":{"line":294,"column":25}},"94":{"start":{"line":300,"column":34},"end":{"line":303,"column":1}},"95":{"start":{"line":301,"column":19},"end":{"line":301,"column":76}},"96":{"start":{"line":302,"column":2},"end":{"line":302,"column":58}},"97":{"start":{"line":300,"column":13},"end":{"line":300,"column":34}}},"fnMap":{"0":{"name":"mapRole","decl":{"start":{"line":52,"column":9},"end":{"line":52,"column":16}},"loc":{"start":{"line":52,"column":36},"end":{"line":62,"column":1}}},"1":{"name":"mapBackendUser","decl":{"start":{"line":64,"column":9},"end":{"line":64,"column":23}},"loc":{"start":{"line":64,"column":38},"end":{"line":87,"column":1}}},"2":{"name":"toBackendRole","decl":{"start":{"line":90,"column":9},"end":{"line":90,"column":22}},"loc":{"start":{"line":90,"column":37},"end":{"line":98,"column":1}}},"3":{"name":"(anonymous_3)","decl":{"start":{"line":100,"column":26},"end":{"line":100,"column":31}},"loc":{"start":{"line":100,"column":93},"end":{"line":108,"column":1}}},"4":{"name":"(anonymous_4)","decl":{"start":{"line":136,"column":28},"end":{"line":136,"column":33}},"loc":{"start":{"line":136,"column":93},"end":{"line":140,"column":1}}},"5":{"name":"(anonymous_5)","decl":{"start":{"line":142,"column":29},"end":{"line":142,"column":34}},"loc":{"start":{"line":145,"column":18},"end":{"line":158,"column":1}}},"6":{"name":"(anonymous_6)","decl":{"start":{"line":160,"column":25},"end":{"line":160,"column":30}},"loc":{"start":{"line":160,"column":89},"end":{"line":179,"column":1}}},"7":{"name":"(anonymous_7)","decl":{"start":{"line":181,"column":33},"end":{"line":181,"column":38}},"loc":{"start":{"line":181,"column":71},"end":{"line":183,"column":1}}},"8":{"name":"(anonymous_8)","decl":{"start":{"line":185,"column":29},"end":{"line":185,"column":34}},"loc":{"start":{"line":185,"column":96},"end":{"line":194,"column":1}}},"9":{"name":"(anonymous_9)","decl":{"start":{"line":196,"column":33},"end":{"line":196,"column":38}},"loc":{"start":{"line":202,"column":33},"end":{"line":215,"column":1}}},"10":{"name":"(anonymous_10)","decl":{"start":{"line":217,"column":36},"end":{"line":217,"column":41}},"loc":{"start":{"line":221,"column":20},"end":{"line":223,"column":1}}},"11":{"name":"(anonymous_11)","decl":{"start":{"line":225,"column":38},"end":{"line":225,"column":43}},"loc":{"start":{"line":229,"column":20},"end":{"line":231,"column":1}}},"12":{"name":"(anonymous_12)","decl":{"start":{"line":233,"column":29},"end":{"line":233,"column":34}},"loc":{"start":{"line":238,"column":20},"end":{"line":240,"column":1}}},"13":{"name":"(anonymous_13)","decl":{"start":{"line":242,"column":30},"end":{"line":242,"column":35}},"loc":{"start":{"line":242,"column":63},"end":{"line":247,"column":1}}},"14":{"name":"(anonymous_14)","decl":{"start":{"line":270,"column":35},"end":{"line":270,"column":40}},"loc":{"start":{"line":270,"column":89},"end":{"line":283,"column":1}}},"15":{"name":"(anonymous_15)","decl":{"start":{"line":272,"column":33},"end":{"line":272,"column":34}},"loc":{"start":{"line":272,"column":48},"end":{"line":281,"column":3}}},"16":{"name":"(anonymous_16)","decl":{"start":{"line":285,"column":29},"end":{"line":285,"column":34}},"loc":{"start":{"line":285,"column":80},"end":{"line":292,"column":1}}},"17":{"name":"(anonymous_17)","decl":{"start":{"line":294,"column":25},"end":{"line":294,"column":30}},"loc":{"start":{"line":294,"column":84},"end":{"line":298,"column":1}}},"18":{"name":"(anonymous_18)","decl":{"start":{"line":300,"column":34},"end":{"line":300,"column":39}},"loc":{"start":{"line":300,"column":87},"end":{"line":303,"column":1}}}},"branchMap":{"0":{"loc":{"start":{"line":53,"column":2},"end":{"line":61,"column":3}},"type":"switch","locations":[{"start":{"line":54,"column":4},"end":{"line":54,"column":39}},{"start":{"line":55,"column":4},"end":{"line":55,"column":43}},{"start":{"line":56,"column":4},"end":{"line":56,"column":35}},{"start":{"line":57,"column":4},"end":{"line":57,"column":33}},{"start":{"line":58,"column":4},"end":{"line":58,"column":33}},{"start":{"line":59,"column":4},"end":{"line":59,"column":43}},{"start":{"line":60,"column":4},"end":{"line":60,"column":29}}]},"1":{"loc":{"start":{"line":70,"column":15},"end":{"line":70,"column":99}},"type":"cond-expr","locations":[{"start":{"line":70,"column":41},"end":{"line":70,"column":51}},{"start":{"line":70,"column":54},"end":{"line":70,"column":99}}]},"2":{"loc":{"start":{"line":70,"column":54},"end":{"line":70,"column":99}},"type":"cond-expr","locations":[{"start":{"line":70,"column":77},"end":{"line":70,"column":87}},{"start":{"line":70,"column":90},"end":{"line":70,"column":99}}]},"3":{"loc":{"start":{"line":78,"column":24},"end":{"line":78,"column":68}},"type":"cond-expr","locations":[{"start":{"line":78,"column":44},"end":{"line":78,"column":48}},{"start":{"line":78,"column":48},"end":{"line":78,"column":68}}]},"4":{"loc":{"start":{"line":78,"column":24},"end":{"line":78,"column":48}},"type":"binary-expr","locations":[{"start":{"line":78,"column":24},"end":{"line":78,"column":48}},{"start":{"line":78,"column":44},"end":{"line":78,"column":48}}]},"5":{"loc":{"start":{"line":91,"column":2},"end":{"line":97,"column":3}},"type":"switch","locations":[{"start":{"line":92,"column":4},"end":{"line":92,"column":39}},{"start":{"line":93,"column":4},"end":{"line":93,"column":39}},{"start":{"line":94,"column":4},"end":{"line":94,"column":33}},{"start":{"line":95,"column":4},"end":{"line":95,"column":33}},{"start":{"line":96,"column":4},"end":{"line":96,"column":31}}]},"6":{"loc":{"start":{"line":104,"column":8},"end":{"line":104,"column":68}},"type":"cond-expr","locations":[{"start":{"line":104,"column":29},"end":{"line":104,"column":63}},{"start":{"line":104,"column":66},"end":{"line":104,"column":68}}]},"7":{"loc":{"start":{"line":107,"column":20},"end":{"line":107,"column":59}},"type":"cond-expr","locations":[{"start":{"line":107,"column":32},"end":{"line":107,"column":36}},{"start":{"line":107,"column":36},"end":{"line":107,"column":59}}]},"8":{"loc":{"start":{"line":107,"column":20},"end":{"line":107,"column":36}},"type":"binary-expr","locations":[{"start":{"line":107,"column":20},"end":{"line":107,"column":36}},{"start":{"line":107,"column":32},"end":{"line":107,"column":36}}]},"9":{"loc":{"start":{"line":139,"column":20},"end":{"line":139,"column":61}},"type":"cond-expr","locations":[{"start":{"line":139,"column":32},"end":{"line":139,"column":36}},{"start":{"line":139,"column":36},"end":{"line":139,"column":61}}]},"10":{"loc":{"start":{"line":139,"column":20},"end":{"line":139,"column":36}},"type":"binary-expr","locations":[{"start":{"line":139,"column":20},"end":{"line":139,"column":36}},{"start":{"line":139,"column":32},"end":{"line":139,"column":36}}]},"11":{"loc":{"start":{"line":153,"column":2},"end":{"line":155,"column":3}},"type":"if","locations":[{"start":{"line":153,"column":2},"end":{"line":155,"column":3}}]},"12":{"loc":{"start":{"line":153,"column":7},"end":{"line":153,"column":25}},"type":"cond-expr","locations":[{"start":{"line":153,"column":16},"end":{"line":153,"column":18}},{"start":{"line":153,"column":16},"end":{"line":153,"column":25}}]},"13":{"loc":{"start":{"line":153,"column":7},"end":{"line":153,"column":18}},"type":"binary-expr","locations":[{"start":{"line":153,"column":7},"end":{"line":153,"column":18}},{"start":{"line":153,"column":16},"end":{"line":153,"column":18}}]},"14":{"loc":{"start":{"line":153,"column":7},"end":{"line":153,"column":16}},"type":"cond-expr","locations":[{"start":{"line":153,"column":10},"end":{"line":153,"column":12}},{"start":{"line":153,"column":7},"end":{"line":153,"column":16}}]},"15":{"loc":{"start":{"line":153,"column":7},"end":{"line":153,"column":12}},"type":"binary-expr","locations":[{"start":{"line":153,"column":7},"end":{"line":153,"column":12}},{"start":{"line":153,"column":7},"end":{"line":153,"column":12}}]},"16":{"loc":{"start":{"line":154,"column":20},"end":{"line":154,"column":55}},"type":"binary-expr","locations":[{"start":{"line":154,"column":20},"end":{"line":154,"column":38}},{"start":{"line":154,"column":42},"end":{"line":154,"column":55}}]},"17":{"loc":{"start":{"line":154,"column":20},"end":{"line":154,"column":38}},"type":"cond-expr","locations":[{"start":{"line":154,"column":29},"end":{"line":154,"column":31}},{"start":{"line":154,"column":29},"end":{"line":154,"column":38}}]},"18":{"loc":{"start":{"line":154,"column":20},"end":{"line":154,"column":31}},"type":"binary-expr","locations":[{"start":{"line":154,"column":20},"end":{"line":154,"column":31}},{"start":{"line":154,"column":29},"end":{"line":154,"column":31}}]},"19":{"loc":{"start":{"line":154,"column":20},"end":{"line":154,"column":29}},"type":"cond-expr","locations":[{"start":{"line":154,"column":23},"end":{"line":154,"column":25}},{"start":{"line":154,"column":20},"end":{"line":154,"column":29}}]},"20":{"loc":{"start":{"line":154,"column":20},"end":{"line":154,"column":25}},"type":"binary-expr","locations":[{"start":{"line":154,"column":20},"end":{"line":154,"column":25}},{"start":{"line":154,"column":20},"end":{"line":154,"column":25}}]},"21":{"loc":{"start":{"line":165,"column":8},"end":{"line":165,"column":73}},"type":"cond-expr","locations":[{"start":{"line":165,"column":27},"end":{"line":165,"column":68}},{"start":{"line":165,"column":71},"end":{"line":165,"column":73}}]},"22":{"loc":{"start":{"line":166,"column":8},"end":{"line":166,"column":68}},"type":"cond-expr","locations":[{"start":{"line":166,"column":29},"end":{"line":166,"column":63}},{"start":{"line":166,"column":66},"end":{"line":166,"column":68}}]},"23":{"loc":{"start":{"line":170,"column":2},"end":{"line":172,"column":3}},"type":"if","locations":[{"start":{"line":170,"column":2},"end":{"line":172,"column":3}}]},"24":{"loc":{"start":{"line":170,"column":6},"end":{"line":170,"column":31}},"type":"binary-expr","locations":[{"start":{"line":170,"column":6},"end":{"line":170,"column":17}},{"start":{"line":170,"column":21},"end":{"line":170,"column":31}}]},"25":{"loc":{"start":{"line":188,"column":2},"end":{"line":188,"column":72}},"type":"if","locations":[{"start":{"line":188,"column":2},"end":{"line":188,"column":72}}]},"26":{"loc":{"start":{"line":188,"column":6},"end":{"line":188,"column":31}},"type":"binary-expr","locations":[{"start":{"line":188,"column":6},"end":{"line":188,"column":17}},{"start":{"line":188,"column":21},"end":{"line":188,"column":31}}]},"27":{"loc":{"start":{"line":203,"column":22},"end":{"line":203,"column":84}},"type":"cond-expr","locations":[{"start":{"line":203,"column":41},"end":{"line":203,"column":72}},{"start":{"line":203,"column":75},"end":{"line":203,"column":84}}]},"28":{"loc":{"start":{"line":209,"column":8},"end":{"line":209,"column":48}},"type":"cond-expr","locations":[{"start":{"line":209,"column":22},"end":{"line":209,"column":43}},{"start":{"line":209,"column":46},"end":{"line":209,"column":48}}]},"29":{"loc":{"start":{"line":210,"column":8},"end":{"line":210,"column":68}},"type":"cond-expr","locations":[{"start":{"line":210,"column":29},"end":{"line":210,"column":63}},{"start":{"line":210,"column":66},"end":{"line":210,"column":68}}]},"30":{"loc":{"start":{"line":213,"column":2},"end":{"line":213,"column":87}},"type":"if","locations":[{"start":{"line":213,"column":2},"end":{"line":213,"column":87}}]},"31":{"loc":{"start":{"line":213,"column":6},"end":{"line":213,"column":31}},"type":"binary-expr","locations":[{"start":{"line":213,"column":6},"end":{"line":213,"column":17}},{"start":{"line":213,"column":21},"end":{"line":213,"column":31}}]},"32":{"loc":{"start":{"line":245,"column":14},"end":{"line":245,"column":76}},"type":"cond-expr","locations":[{"start":{"line":245,"column":51},"end":{"line":245,"column":56}},{"start":{"line":245,"column":56},"end":{"line":245,"column":76}}]},"33":{"loc":{"start":{"line":245,"column":14},"end":{"line":245,"column":56}},"type":"binary-expr","locations":[{"start":{"line":245,"column":14},"end":{"line":245,"column":56}},{"start":{"line":245,"column":51},"end":{"line":245,"column":56}}]},"34":{"loc":{"start":{"line":273,"column":4},"end":{"line":273,"column":50}},"type":"if","locations":[{"start":{"line":273,"column":4},"end":{"line":273,"column":50}}]},"35":{"loc":{"start":{"line":273,"column":8},"end":{"line":273,"column":41}},"type":"binary-expr","locations":[{"start":{"line":273,"column":8},"end":{"line":273,"column":25}},{"start":{"line":273,"column":29},"end":{"line":273,"column":41}}]},"36":{"loc":{"start":{"line":274,"column":4},"end":{"line":280,"column":5}},"type":"if","locations":[{"start":{"line":274,"column":4},"end":{"line":280,"column":5}},{"start":{"line":276,"column":11},"end":{"line":280,"column":5}}]},"37":{"loc":{"start":{"line":276,"column":11},"end":{"line":280,"column":5}},"type":"if","locations":[{"start":{"line":276,"column":11},"end":{"line":280,"column":5}},{"start":{"line":278,"column":11},"end":{"line":280,"column":5}}]},"38":{"loc":{"start":{"line":290,"column":14},"end":{"line":290,"column":76}},"type":"cond-expr","locations":[{"start":{"line":290,"column":51},"end":{"line":290,"column":56}},{"start":{"line":290,"column":56},"end":{"line":290,"column":76}}]},"39":{"loc":{"start":{"line":290,"column":14},"end":{"line":290,"column":56}},"type":"binary-expr","locations":[{"start":{"line":290,"column":14},"end":{"line":290,"column":56}},{"start":{"line":290,"column":51},"end":{"line":290,"column":56}}]}},"s":{"0":1,"1":1,"2":18,"3":0,"4":2,"5":1,"6":12,"7":1,"8":1,"9":1,"10":18,"11":8,"12":2,"13":1,"14":1,"15":0,"16":4,"17":1,"18":7,"19":6,"20":6,"21":1,"22":1,"23":3,"24":2,"25":2,"26":1,"27":1,"28":3,"29":3,"30":2,"31":1,"32":1,"33":1,"34":11,"35":10,"36":10,"37":2,"38":8,"39":1,"40":1,"41":2,"42":1,"43":1,"44":2,"45":2,"46":2,"47":1,"48":1,"49":1,"50":1,"51":5,"52":5,"53":4,"54":4,"55":1,"56":3,"57":1,"58":1,"59":1,"60":1,"61":1,"62":1,"63":1,"64":1,"65":1,"66":1,"67":1,"68":2,"69":2,"70":2,"71":2,"72":1,"73":1,"74":2,"75":2,"76":4,"77":0,"78":4,"79":1,"80":3,"81":1,"82":2,"83":2,"84":1,"85":1,"86":4,"87":4,"88":4,"89":4,"90":1,"91":1,"92":1,"93":1,"94":1,"95":2,"96":1,"97":1},"f":{"0":18,"1":18,"2":8,"3":7,"4":3,"5":3,"6":11,"7":2,"8":2,"9":5,"10":1,"11":1,"12":1,"13":2,"14":2,"15":4,"16":4,"17":1,"18":2},"b":{"0":[0,2,1,12,1,1,1],"1":[16,2],"2":[1,1],"3":[1,17],"4":[18,18],"5":[2,1,1,0,4],"6":[1,6],"7":[5,1],"8":[6,6],"9":[1,1],"10":[2,2],"11":[2],"12":[0,3],"13":[3,3],"14":[0,3],"15":[3,3],"16":[2,1],"17":[0,2],"18":[2,2],"19":[0,2],"20":[2,2],"21":[0,11],"22":[0,11],"23":[2],"24":[10,9],"25":[1],"26":[2,1],"27":[1,4],"28":[1,4],"29":[0,5],"30":[1],"31":[4,3],"32":[1,1],"33":[2,2],"34":[0],"35":[4,4],"36":[1,3],"37":[1,2],"38":[3,1],"39":[4,4]}}
,"/Users/sonu/Desktop/BookMyWorker/bookmyworker/packages/shared-mobile/src/core/api/endpoints/certificateApi.ts": {"path":"/Users/sonu/Desktop/BookMyWorker/bookmyworker/packages/shared-mobile/src/core/api/endpoints/certificateApi.ts","statementMap":{"0":{"start":{"line":1,"column":0},"end":{"line":1,"column":47}},"1":{"start":{"line":2,"column":0},"end":{"line":2,"column":40}},"2":{"start":{"line":3,"column":0},"end":{"line":3,"column":38}},"3":{"start":{"line":4,"column":0},"end":{"line":4,"column":59}},"4":{"start":{"line":5,"column":0},"end":{"line":5,"column":39}},"5":{"start":{"line":18,"column":19},"end":{"line":18,"column":35}},"6":{"start":{"line":19,"column":15},"end":{"line":19,"column":36}},"7":{"start":{"line":20,"column":14},"end":{"line":20,"column":84}},"8":{"start":{"line":21,"column":15},"end":{"line":21,"column":68}},"9":{"start":{"line":22,"column":19},"end":{"line":22,"column":33}},"10":{"start":{"line":23,"column":2},"end":{"line":23,"column":35}},"11":{"start":{"line":24,"column":2},"end":{"line":26,"column":3}},"12":{"start":{"line":25,"column":4},"end":{"line":25,"column":26}},"13":{"start":{"line":27,"column":42},"end":{"line":27,"column":44}},"14":{"start":{"line":28,"column":2},"end":{"line":28,"column":58}},"15":{"start":{"line":28,"column":13},"end":{"line":28,"column":58}},"16":{"start":{"line":29,"column":15},"end":{"line":29,"column":108}},"17":{"start":{"line":30,"column":15},"end":{"line":30,"column":32}},"18":{"start":{"line":31,"column":2},"end":{"line":31,"column":39}},"19":{"start":{"line":39,"column":13},"end":{"line":128,"column":2}},"20":{"start":{"line":42,"column":4},"end":{"line":49,"column":9}},"21":{"start":{"line":46,"column":19},"end":{"line":49,"column":9}},"22":{"start":{"line":58,"column":18},"end":{"line":58,"column":40}},"23":{"start":{"line":59,"column":24},"end":{"line":59,"column":76}},"24":{"start":{"line":62,"column":4},"end":{"line":75,"column":5}},"25":{"start":{"line":63,"column":16},"end":{"line":63,"column":104}},"26":{"start":{"line":64,"column":6},"end":{"line":64,"column":24}},"27":{"start":{"line":64,"column":25},"end":{"line":64,"column":42}},"28":{"start":{"line":66,"column":16},"end":{"line":73,"column":8}},"29":{"start":{"line":74,"column":6},"end":{"line":74,"column":24}},"30":{"start":{"line":74,"column":25},"end":{"line":74,"column":42}},"31":{"start":{"line":76,"column":4},"end":{"line":79,"column":5}},"32":{"start":{"line":77,"column":21},"end":{"line":77,"column":64}},"33":{"start":{"line":78,"column":6},"end":{"line":78,"column":69}},"34":{"start":{"line":80,"column":17},"end":{"line":80,"column":104}},"35":{"start":{"line":81,"column":4},"end":{"line":81,"column":72}},"36":{"start":{"line":81,"column":23},"end":{"line":81,"column":72}},"37":{"start":{"line":82,"column":4},"end":{"line":82,"column":28}},"38":{"start":{"line":87,"column":4},"end":{"line":91,"column":45}},"39":{"start":{"line":91,"column":19},"end":{"line":91,"column":45}},"40":{"start":{"line":99,"column":18},"end":{"line":99,"column":40}},"41":{"start":{"line":100,"column":24},"end":{"line":100,"column":79}},"42":{"start":{"line":103,"column":4},"end":{"line":115,"column":5}},"43":{"start":{"line":104,"column":16},"end":{"line":104,"column":86}},"44":{"start":{"line":105,"column":6},"end":{"line":105,"column":24}},"45":{"start":{"line":105,"column":25},"end":{"line":105,"column":42}},"46":{"start":{"line":107,"column":16},"end":{"line":113,"column":8}},"47":{"start":{"line":114,"column":6},"end":{"line":114,"column":24}},"48":{"start":{"line":114,"column":25},"end":{"line":114,"column":42}},"49":{"start":{"line":116,"column":4},"end":{"line":119,"column":5}},"50":{"start":{"line":117,"column":21},"end":{"line":117,"column":64}},"51":{"start":{"line":118,"column":6},"end":{"line":118,"column":69}},"52":{"start":{"line":120,"column":17},"end":{"line":120,"column":104}},"53":{"start":{"line":121,"column":4},"end":{"line":121,"column":72}},"54":{"start":{"line":121,"column":23},"end":{"line":121,"column":72}},"55":{"start":{"line":122,"column":4},"end":{"line":122,"column":33}},"56":{"start":{"line":127,"column":4},"end":{"line":127,"column":73}},"57":{"start":{"line":127,"column":63},"end":{"line":127,"column":72}}},"fnMap":{"0":{"name":"uploadMultipartWeb","decl":{"start":{"line":10,"column":15},"end":{"line":10,"column":33}},"loc":{"start":{"line":16,"column":42},"end":{"line":32,"column":1}}},"1":{"name":"(anonymous_10)","decl":{"start":{"line":41,"column":10},"end":{"line":41,"column":44}},"loc":{"start":{"line":42,"column":4},"end":{"line":49,"column":9}}},"2":{"name":"(anonymous_11)","decl":{"start":{"line":46,"column":12},"end":{"line":46,"column":13}},"loc":{"start":{"line":46,"column":18},"end":{"line":49,"column":9}}},"3":{"name":"(anonymous_12)","decl":{"start":{"line":52,"column":21},"end":{"line":52,"column":26}},"loc":{"start":{"line":57,"column":28},"end":{"line":83,"column":3}}},"4":{"name":"(anonymous_13)","decl":{"start":{"line":86,"column":21},"end":{"line":86,"column":22}},"loc":{"start":{"line":87,"column":4},"end":{"line":91,"column":45}}},"5":{"name":"(anonymous_14)","decl":{"start":{"line":91,"column":12},"end":{"line":91,"column":13}},"loc":{"start":{"line":91,"column":18},"end":{"line":91,"column":45}}},"6":{"name":"(anonymous_15)","decl":{"start":{"line":94,"column":23},"end":{"line":94,"column":28}},"loc":{"start":{"line":98,"column":23},"end":{"line":123,"column":3}}},"7":{"name":"(anonymous_16)","decl":{"start":{"line":126,"column":23},"end":{"line":126,"column":41}},"loc":{"start":{"line":127,"column":4},"end":{"line":127,"column":73}}},"8":{"name":"(anonymous_17)","decl":{"start":{"line":127,"column":57},"end":{"line":127,"column":60}},"loc":{"start":{"line":127,"column":63},"end":{"line":127,"column":72}}}},"branchMap":{"0":{"loc":{"start":{"line":16,"column":2},"end":{"line":16,"column":42}},"type":"default-arg","locations":[{"start":{"line":16,"column":40},"end":{"line":16,"column":42}}]},"1":{"loc":{"start":{"line":20,"column":14},"end":{"line":20,"column":84}},"type":"cond-expr","locations":[{"start":{"line":20,"column":75},"end":{"line":20,"column":79}},{"start":{"line":20,"column":79},"end":{"line":20,"column":84}}]},"2":{"loc":{"start":{"line":20,"column":14},"end":{"line":20,"column":79}},"type":"binary-expr","locations":[{"start":{"line":20,"column":14},"end":{"line":20,"column":79}},{"start":{"line":20,"column":75},"end":{"line":20,"column":79}}]},"3":{"loc":{"start":{"line":20,"column":14},"end":{"line":20,"column":75}},"type":"cond-expr","locations":[{"start":{"line":20,"column":49},"end":{"line":20,"column":53}},{"start":{"line":20,"column":53},"end":{"line":20,"column":75}}]},"4":{"loc":{"start":{"line":20,"column":14},"end":{"line":20,"column":53}},"type":"binary-expr","locations":[{"start":{"line":20,"column":14},"end":{"line":20,"column":53}},{"start":{"line":20,"column":49},"end":{"line":20,"column":53}}]},"5":{"loc":{"start":{"line":20,"column":14},"end":{"line":20,"column":49}},"type":"cond-expr","locations":[{"start":{"line":20,"column":34},"end":{"line":20,"column":36}},{"start":{"line":20,"column":34},"end":{"line":20,"column":49}}]},"6":{"loc":{"start":{"line":20,"column":14},"end":{"line":20,"column":36}},"type":"binary-expr","locations":[{"start":{"line":20,"column":14},"end":{"line":20,"column":36}},{"start":{"line":20,"column":34},"end":{"line":20,"column":36}}]},"7":{"loc":{"start":{"line":28,"column":2},"end":{"line":28,"column":58}},"type":"if","locations":[{"start":{"line":28,"column":2},"end":{"line":28,"column":58}}]},"8":{"loc":{"start":{"line":47,"column":22},"end":{"line":47,"column":47}},"type":"cond-expr","locations":[{"start":{"line":47,"column":41},"end":{"line":47,"column":45}},{"start":{"line":47,"column":45},"end":{"line":47,"column":47}}]},"9":{"loc":{"start":{"line":47,"column":22},"end":{"line":47,"column":45}},"type":"binary-expr","locations":[{"start":{"line":47,"column":22},"end":{"line":47,"column":45}},{"start":{"line":47,"column":41},"end":{"line":47,"column":45}}]},"10":{"loc":{"start":{"line":48,"column":26},"end":{"line":48,"column":57}},"type":"cond-expr","locations":[{"start":{"line":48,"column":49},"end":{"line":48,"column":53}},{"start":{"line":48,"column":53},"end":{"line":48,"column":57}}]},"11":{"loc":{"start":{"line":48,"column":26},"end":{"line":48,"column":53}},"type":"binary-expr","locations":[{"start":{"line":48,"column":26},"end":{"line":48,"column":53}},{"start":{"line":48,"column":49},"end":{"line":48,"column":53}}]},"12":{"loc":{"start":{"line":62,"column":4},"end":{"line":75,"column":5}},"type":"if","locations":[{"start":{"line":62,"column":4},"end":{"line":75,"column":5}},{"start":{"line":65,"column":11},"end":{"line":75,"column":5}}]},"13":{"loc":{"start":{"line":71,"column":17},"end":{"line":71,"column":66}},"type":"cond-expr","locations":[{"start":{"line":71,"column":25},"end":{"line":71,"column":61}},{"start":{"line":71,"column":64},"end":{"line":71,"column":66}}]},"14":{"loc":{"start":{"line":76,"column":4},"end":{"line":79,"column":5}},"type":"if","locations":[{"start":{"line":76,"column":4},"end":{"line":79,"column":5}}]},"15":{"loc":{"start":{"line":78,"column":22},"end":{"line":78,"column":67}},"type":"cond-expr","locations":[{"start":{"line":78,"column":36},"end":{"line":78,"column":40}},{"start":{"line":78,"column":40},"end":{"line":78,"column":67}}]},"16":{"loc":{"start":{"line":78,"column":22},"end":{"line":78,"column":40}},"type":"binary-expr","locations":[{"start":{"line":78,"column":22},"end":{"line":78,"column":40}},{"start":{"line":78,"column":36},"end":{"line":78,"column":40}}]},"17":{"loc":{"start":{"line":81,"column":4},"end":{"line":81,"column":72}},"type":"if","locations":[{"start":{"line":81,"column":4},"end":{"line":81,"column":72}}]},"18":{"loc":{"start":{"line":81,"column":39},"end":{"line":81,"column":70}},"type":"cond-expr","locations":[{"start":{"line":81,"column":51},"end":{"line":81,"column":55}},{"start":{"line":81,"column":55},"end":{"line":81,"column":70}}]},"19":{"loc":{"start":{"line":81,"column":39},"end":{"line":81,"column":55}},"type":"binary-expr","locations":[{"start":{"line":81,"column":39},"end":{"line":81,"column":55}},{"start":{"line":81,"column":51},"end":{"line":81,"column":55}}]},"20":{"loc":{"start":{"line":91,"column":19},"end":{"line":91,"column":44}},"type":"cond-expr","locations":[{"start":{"line":91,"column":38},"end":{"line":91,"column":42}},{"start":{"line":91,"column":42},"end":{"line":91,"column":44}}]},"21":{"loc":{"start":{"line":91,"column":19},"end":{"line":91,"column":42}},"type":"binary-expr","locations":[{"start":{"line":91,"column":19},"end":{"line":91,"column":42}},{"start":{"line":91,"column":38},"end":{"line":91,"column":42}}]},"22":{"loc":{"start":{"line":103,"column":4},"end":{"line":115,"column":5}},"type":"if","locations":[{"start":{"line":103,"column":4},"end":{"line":115,"column":5}},{"start":{"line":106,"column":11},"end":{"line":115,"column":5}}]},"23":{"loc":{"start":{"line":112,"column":17},"end":{"line":112,"column":66}},"type":"cond-expr","locations":[{"start":{"line":112,"column":25},"end":{"line":112,"column":61}},{"start":{"line":112,"column":64},"end":{"line":112,"column":66}}]},"24":{"loc":{"start":{"line":116,"column":4},"end":{"line":119,"column":5}},"type":"if","locations":[{"start":{"line":116,"column":4},"end":{"line":119,"column":5}}]},"25":{"loc":{"start":{"line":118,"column":22},"end":{"line":118,"column":67}},"type":"cond-expr","locations":[{"start":{"line":118,"column":36},"end":{"line":118,"column":40}},{"start":{"line":118,"column":40},"end":{"line":118,"column":67}}]},"26":{"loc":{"start":{"line":118,"column":22},"end":{"line":118,"column":40}},"type":"binary-expr","locations":[{"start":{"line":118,"column":22},"end":{"line":118,"column":40}},{"start":{"line":118,"column":36},"end":{"line":118,"column":40}}]},"27":{"loc":{"start":{"line":121,"column":4},"end":{"line":121,"column":72}},"type":"if","locations":[{"start":{"line":121,"column":4},"end":{"line":121,"column":72}}]},"28":{"loc":{"start":{"line":121,"column":39},"end":{"line":121,"column":70}},"type":"cond-expr","locations":[{"start":{"line":121,"column":51},"end":{"line":121,"column":55}},{"start":{"line":121,"column":55},"end":{"line":121,"column":70}}]},"29":{"loc":{"start":{"line":121,"column":39},"end":{"line":121,"column":55}},"type":"binary-expr","locations":[{"start":{"line":121,"column":39},"end":{"line":121,"column":55}},{"start":{"line":121,"column":51},"end":{"line":121,"column":55}}]}},"s":{"0":1,"1":1,"2":1,"3":1,"4":1,"5":0,"6":0,"7":0,"8":0,"9":0,"10":0,"11":0,"12":0,"13":0,"14":0,"15":0,"16":0,"17":0,"18":0,"19":1,"20":3,"21":2,"22":5,"23":5,"24":5,"25":0,"26":0,"27":0,"28":5,"29":5,"30":5,"31":5,"32":2,"33":2,"34":3,"35":3,"36":2,"37":1,"38":3,"39":2,"40":3,"41":3,"42":3,"43":0,"44":0,"45":0,"46":3,"47":3,"48":3,"49":3,"50":1,"51":1,"52":2,"53":2,"54":1,"55":1,"56":2,"57":1},"f":{"0":0,"1":3,"2":2,"3":5,"4":3,"5":2,"6":3,"7":2,"8":1},"b":{"0":[0],"1":[0,0],"2":[0,0],"3":[0,0],"4":[0,0],"5":[0,0],"6":[0,0],"7":[0],"8":[1,1],"9":[2,2],"10":[1,1],"11":[2,2],"12":[0,5],"13":[0,5],"14":[2],"15":[1,1],"16":[2,2],"17":[2],"18":[1,1],"19":[2,2],"20":[2,0],"21":[2,2],"22":[0,3],"23":[0,3],"24":[1],"25":[1,0],"26":[1,1],"27":[1],"28":[1,0],"29":[1,1]}}
,"/Users/sonu/Desktop/BookMyWorker/bookmyworker/packages/shared-mobile/src/core/api/endpoints/chatApi.ts": {"path":"/Users/sonu/Desktop/BookMyWorker/bookmyworker/packages/shared-mobile/src/core/api/endpoints/chatApi.ts","statementMap":{"0":{"start":{"line":1,"column":0},"end":{"line":1,"column":38}},"1":{"start":{"line":16,"column":2},"end":{"line":26,"column":4}},"2":{"start":{"line":36,"column":13},"end":{"line":87,"column":2}},"3":{"start":{"line":38,"column":21},"end":{"line":44,"column":61}},"4":{"start":{"line":45,"column":21},"end":{"line":45,"column":95}},"5":{"start":{"line":45,"column":63},"end":{"line":45,"column":94}},"6":{"start":{"line":46,"column":4},"end":{"line":51,"column":6}},"7":{"start":{"line":60,"column":4},"end":{"line":62,"column":26}},"8":{"start":{"line":62,"column":19},"end":{"line":62,"column":25}},"9":{"start":{"line":69,"column":21},"end":{"line":69,"column":35}},"10":{"start":{"line":70,"column":4},"end":{"line":70,"column":53}},"11":{"start":{"line":71,"column":16},"end":{"line":77,"column":6}},"12":{"start":{"line":78,"column":4},"end":{"line":78,"column":20}},"13":{"start":{"line":82,"column":4},"end":{"line":86,"column":26}},"14":{"start":{"line":86,"column":19},"end":{"line":86,"column":25}}},"fnMap":{"0":{"name":"mapToFrontendMessage","decl":{"start":{"line":15,"column":9},"end":{"line":15,"column":29}},"loc":{"start":{"line":15,"column":63},"end":{"line":27,"column":1}}},"1":{"name":"(anonymous_1)","decl":{"start":{"line":37,"column":15},"end":{"line":37,"column":20}},"loc":{"start":{"line":37,"column":89},"end":{"line":52,"column":3}}},"2":{"name":"(anonymous_2)","decl":{"start":{"line":45,"column":56},"end":{"line":45,"column":57}},"loc":{"start":{"line":45,"column":63},"end":{"line":45,"column":94}}},"3":{"name":"(anonymous_3)","decl":{"start":{"line":54,"column":15},"end":{"line":54,"column":null}},"loc":{"start":{"line":60,"column":4},"end":{"line":62,"column":26}}},"4":{"name":"(anonymous_4)","decl":{"start":{"line":62,"column":12},"end":{"line":62,"column":13}},"loc":{"start":{"line":62,"column":19},"end":{"line":62,"column":25}}},"5":{"name":"(anonymous_5)","decl":{"start":{"line":64,"column":15},"end":{"line":64,"column":20}},"loc":{"start":{"line":68,"column":80},"end":{"line":79,"column":3}}},"6":{"name":"(anonymous_6)","decl":{"start":{"line":81,"column":19},"end":{"line":81,"column":20}},"loc":{"start":{"line":82,"column":4},"end":{"line":86,"column":26}}},"7":{"name":"(anonymous_7)","decl":{"start":{"line":86,"column":12},"end":{"line":86,"column":13}},"loc":{"start":{"line":86,"column":19},"end":{"line":86,"column":25}}}},"branchMap":{"0":{"loc":{"start":{"line":17,"column":8},"end":{"line":17,"column":45}},"type":"cond-expr","locations":[{"start":{"line":17,"column":13},"end":{"line":17,"column":17}},{"start":{"line":17,"column":17},"end":{"line":17,"column":45}}]},"1":{"loc":{"start":{"line":17,"column":8},"end":{"line":17,"column":17}},"type":"binary-expr","locations":[{"start":{"line":17,"column":8},"end":{"line":17,"column":17}},{"start":{"line":17,"column":13},"end":{"line":17,"column":17}}]},"2":{"loc":{"start":{"line":22,"column":11},"end":{"line":22,"column":32}},"type":"cond-expr","locations":[{"start":{"line":22,"column":27},"end":{"line":22,"column":31}},{"start":{"line":22,"column":31},"end":{"line":22,"column":32}}]},"3":{"loc":{"start":{"line":22,"column":11},"end":{"line":22,"column":31}},"type":"binary-expr","locations":[{"start":{"line":22,"column":11},"end":{"line":22,"column":31}},{"start":{"line":22,"column":27},"end":{"line":22,"column":31}}]},"4":{"loc":{"start":{"line":22,"column":11},"end":{"line":22,"column":27}},"type":"cond-expr","locations":[{"start":{"line":22,"column":19},"end":{"line":22,"column":21}},{"start":{"line":22,"column":19},"end":{"line":22,"column":27}}]},"5":{"loc":{"start":{"line":22,"column":11},"end":{"line":22,"column":21}},"type":"binary-expr","locations":[{"start":{"line":22,"column":11},"end":{"line":22,"column":21}},{"start":{"line":22,"column":19},"end":{"line":22,"column":21}}]},"6":{"loc":{"start":{"line":23,"column":14},"end":{"line":23,"column":32}},"type":"cond-expr","locations":[{"start":{"line":23,"column":24},"end":{"line":23,"column":28}},{"start":{"line":23,"column":28},"end":{"line":23,"column":32}}]},"7":{"loc":{"start":{"line":23,"column":14},"end":{"line":23,"column":28}},"type":"binary-expr","locations":[{"start":{"line":23,"column":14},"end":{"line":23,"column":28}},{"start":{"line":23,"column":24},"end":{"line":23,"column":28}}]},"8":{"loc":{"start":{"line":24,"column":15},"end":{"line":24,"column":34}},"type":"cond-expr","locations":[{"start":{"line":24,"column":26},"end":{"line":24,"column":30}},{"start":{"line":24,"column":30},"end":{"line":24,"column":34}}]},"9":{"loc":{"start":{"line":24,"column":15},"end":{"line":24,"column":30}},"type":"binary-expr","locations":[{"start":{"line":24,"column":15},"end":{"line":24,"column":30}},{"start":{"line":24,"column":26},"end":{"line":24,"column":30}}]},"10":{"loc":{"start":{"line":25,"column":14},"end":{"line":25,"column":32}},"type":"cond-expr","locations":[{"start":{"line":25,"column":24},"end":{"line":25,"column":28}},{"start":{"line":25,"column":28},"end":{"line":25,"column":32}}]},"11":{"loc":{"start":{"line":25,"column":14},"end":{"line":25,"column":28}},"type":"binary-expr","locations":[{"start":{"line":25,"column":14},"end":{"line":25,"column":28}},{"start":{"line":25,"column":24},"end":{"line":25,"column":28}}]},"12":{"loc":{"start":{"line":37,"column":38},"end":{"line":37,"column":46}},"type":"default-arg","locations":[{"start":{"line":37,"column":45},"end":{"line":37,"column":46}}]},"13":{"loc":{"start":{"line":37,"column":48},"end":{"line":37,"column":58}},"type":"default-arg","locations":[{"start":{"line":37,"column":56},"end":{"line":37,"column":58}}]},"14":{"loc":{"start":{"line":45,"column":22},"end":{"line":45,"column":50}},"type":"cond-expr","locations":[{"start":{"line":45,"column":44},"end":{"line":45,"column":48}},{"start":{"line":45,"column":48},"end":{"line":45,"column":50}}]},"15":{"loc":{"start":{"line":45,"column":22},"end":{"line":45,"column":48}},"type":"binary-expr","locations":[{"start":{"line":45,"column":22},"end":{"line":45,"column":48}},{"start":{"line":45,"column":44},"end":{"line":45,"column":48}}]},"16":{"loc":{"start":{"line":48,"column":13},"end":{"line":48,"column":51}},"type":"cond-expr","locations":[{"start":{"line":48,"column":32},"end":{"line":48,"column":36}},{"start":{"line":48,"column":36},"end":{"line":48,"column":51}}]},"17":{"loc":{"start":{"line":48,"column":13},"end":{"line":48,"column":36}},"type":"binary-expr","locations":[{"start":{"line":48,"column":13},"end":{"line":48,"column":36}},{"start":{"line":48,"column":32},"end":{"line":48,"column":36}}]},"18":{"loc":{"start":{"line":49,"column":12},"end":{"line":49,"column":38}},"type":"cond-expr","locations":[{"start":{"line":49,"column":30},"end":{"line":49,"column":34}},{"start":{"line":49,"column":34},"end":{"line":49,"column":38}}]},"19":{"loc":{"start":{"line":49,"column":12},"end":{"line":49,"column":34}},"type":"binary-expr","locations":[{"start":{"line":49,"column":12},"end":{"line":49,"column":34}},{"start":{"line":49,"column":30},"end":{"line":49,"column":34}}]},"20":{"loc":{"start":{"line":50,"column":13},"end":{"line":50,"column":37}},"type":"cond-expr","locations":[{"start":{"line":50,"column":32},"end":{"line":50,"column":36}},{"start":{"line":50,"column":36},"end":{"line":50,"column":37}}]},"21":{"loc":{"start":{"line":50,"column":13},"end":{"line":50,"column":36}},"type":"binary-expr","locations":[{"start":{"line":50,"column":13},"end":{"line":50,"column":36}},{"start":{"line":50,"column":32},"end":{"line":50,"column":36}}]}},"s":{"0":1,"1":4,"2":1,"3":7,"4":6,"5":4,"6":6,"7":3,"8":2,"9":2,"10":2,"11":2,"12":1,"13":2,"14":1},"f":{"0":4,"1":7,"2":4,"3":3,"4":2,"5":2,"6":2,"7":1},"b":{"0":[3,1],"1":[4,4],"2":[4,0],"3":[4,4],"4":[0,4],"5":[4,4],"6":[1,3],"7":[4,1],"8":[1,3],"9":[4,1],"10":[1,3],"11":[4,1],"12":[6],"13":[6],"14":[5,1],"15":[6,5],"16":[2,4],"17":[6,6],"18":[2,4],"19":[6,6],"20":[2,4],"21":[6,6]}}
,"/Users/sonu/Desktop/BookMyWorker/bookmyworker/packages/shared-mobile/src/core/api/endpoints/notificationApi.ts": {"path":"/Users/sonu/Desktop/BookMyWorker/bookmyworker/packages/shared-mobile/src/core/api/endpoints/notificationApi.ts","statementMap":{"0":{"start":{"line":1,"column":0},"end":{"line":1,"column":38}},"1":{"start":{"line":35,"column":13},"end":{"line":56,"column":2}},"2":{"start":{"line":37,"column":4},"end":{"line":37,"column":93}},"3":{"start":{"line":37,"column":86},"end":{"line":37,"column":92}},"4":{"start":{"line":40,"column":4},"end":{"line":40,"column":80}},"5":{"start":{"line":40,"column":73},"end":{"line":40,"column":79}},"6":{"start":{"line":43,"column":4},"end":{"line":43,"column":99}},"7":{"start":{"line":43,"column":67},"end":{"line":43,"column":98}},"8":{"start":{"line":46,"column":4},"end":{"line":46,"column":73}},"9":{"start":{"line":46,"column":66},"end":{"line":46,"column":72}},"10":{"start":{"line":49,"column":4},"end":{"line":49,"column":71}},"11":{"start":{"line":49,"column":64},"end":{"line":49,"column":70}},"12":{"start":{"line":52,"column":4},"end":{"line":52,"column":136}},"13":{"start":{"line":52,"column":67},"end":{"line":52,"column":135}},"14":{"start":{"line":55,"column":4},"end":{"line":55,"column":81}},"15":{"start":{"line":55,"column":74},"end":{"line":55,"column":80}}},"fnMap":{"0":{"name":"(anonymous_0)","decl":{"start":{"line":36,"column":17},"end":{"line":36,"column":18}},"loc":{"start":{"line":37,"column":4},"end":{"line":37,"column":93}}},"1":{"name":"(anonymous_1)","decl":{"start":{"line":37,"column":79},"end":{"line":37,"column":80}},"loc":{"start":{"line":37,"column":86},"end":{"line":37,"column":92}}},"2":{"name":"(anonymous_2)","decl":{"start":{"line":39,"column":15},"end":{"line":39,"column":18}},"loc":{"start":{"line":40,"column":4},"end":{"line":40,"column":80}}},"3":{"name":"(anonymous_3)","decl":{"start":{"line":40,"column":66},"end":{"line":40,"column":67}},"loc":{"start":{"line":40,"column":73},"end":{"line":40,"column":79}}},"4":{"name":"(anonymous_4)","decl":{"start":{"line":42,"column":20},"end":{"line":42,"column":21}},"loc":{"start":{"line":43,"column":4},"end":{"line":43,"column":99}}},"5":{"name":"(anonymous_5)","decl":{"start":{"line":43,"column":60},"end":{"line":43,"column":61}},"loc":{"start":{"line":43,"column":67},"end":{"line":43,"column":98}}},"6":{"name":"(anonymous_6)","decl":{"start":{"line":45,"column":12},"end":{"line":45,"column":13}},"loc":{"start":{"line":46,"column":4},"end":{"line":46,"column":73}}},"7":{"name":"(anonymous_7)","decl":{"start":{"line":46,"column":59},"end":{"line":46,"column":60}},"loc":{"start":{"line":46,"column":66},"end":{"line":46,"column":72}}},"8":{"name":"(anonymous_8)","decl":{"start":{"line":48,"column":15},"end":{"line":48,"column":18}},"loc":{"start":{"line":49,"column":4},"end":{"line":49,"column":71}}},"9":{"name":"(anonymous_9)","decl":{"start":{"line":49,"column":57},"end":{"line":49,"column":58}},"loc":{"start":{"line":49,"column":64},"end":{"line":49,"column":70}}},"10":{"name":"(anonymous_10)","decl":{"start":{"line":51,"column":18},"end":{"line":51,"column":90}},"loc":{"start":{"line":52,"column":4},"end":{"line":52,"column":136}}},"11":{"name":"(anonymous_11)","decl":{"start":{"line":52,"column":60},"end":{"line":52,"column":61}},"loc":{"start":{"line":52,"column":67},"end":{"line":52,"column":135}}},"12":{"name":"(anonymous_12)","decl":{"start":{"line":54,"column":19},"end":{"line":54,"column":20}},"loc":{"start":{"line":55,"column":4},"end":{"line":55,"column":81}}},"13":{"name":"(anonymous_13)","decl":{"start":{"line":55,"column":67},"end":{"line":55,"column":68}},"loc":{"start":{"line":55,"column":74},"end":{"line":55,"column":80}}}},"branchMap":{},"s":{"0":1,"1":1,"2":2,"3":1,"4":2,"5":1,"6":3,"7":2,"8":2,"9":1,"10":1,"11":1,"12":1,"13":1,"14":3,"15":2},"f":{"0":2,"1":1,"2":2,"3":1,"4":3,"5":2,"6":2,"7":1,"8":1,"9":1,"10":1,"11":1,"12":3,"13":2},"b":{}}
,"/Users/sonu/Desktop/BookMyWorker/bookmyworker/packages/shared-mobile/src/core/api/endpoints/paymentApi.ts": {"path":"/Users/sonu/Desktop/BookMyWorker/bookmyworker/packages/shared-mobile/src/core/api/endpoints/paymentApi.ts","statementMap":{"0":{"start":{"line":1,"column":0},"end":{"line":1,"column":38}},"1":{"start":{"line":3,"column":13},"end":{"line":3,"column":29}},"2":{"start":{"line":48,"column":13},"end":{"line":75,"column":2}},"3":{"start":{"line":50,"column":16},"end":{"line":50,"column":99}},"4":{"start":{"line":51,"column":4},"end":{"line":51,"column":20}},"5":{"start":{"line":55,"column":16},"end":{"line":55,"column":105}},"6":{"start":{"line":56,"column":4},"end":{"line":56,"column":20}},"7":{"start":{"line":60,"column":20},"end":{"line":60,"column":44}},"8":{"start":{"line":61,"column":19},"end":{"line":61,"column":56}},"9":{"start":{"line":62,"column":23},"end":{"line":62,"column":46}},"10":{"start":{"line":63,"column":16},"end":{"line":72,"column":6}},"11":{"start":{"line":73,"column":4},"end":{"line":73,"column":20}}},"fnMap":{"0":{"name":"(anonymous_0)","decl":{"start":{"line":49,"column":24},"end":{"line":49,"column":29}},"loc":{"start":{"line":49,"column":100},"end":{"line":52,"column":3}}},"1":{"name":"(anonymous_1)","decl":{"start":{"line":54,"column":17},"end":{"line":54,"column":22}},"loc":{"start":{"line":54,"column":83},"end":{"line":57,"column":3}}},"2":{"name":"(anonymous_2)","decl":{"start":{"line":59,"column":25},"end":{"line":59,"column":30}},"loc":{"start":{"line":59,"column":99},"end":{"line":74,"column":3}}}},"branchMap":{"0":{"loc":{"start":{"line":61,"column":19},"end":{"line":61,"column":56}},"type":"cond-expr","locations":[{"start":{"line":61,"column":32},"end":{"line":61,"column":36}},{"start":{"line":61,"column":37},"end":{"line":61,"column":55}}]},"1":{"loc":{"start":{"line":61,"column":19},"end":{"line":61,"column":36}},"type":"binary-expr","locations":[{"start":{"line":61,"column":19},"end":{"line":61,"column":36}},{"start":{"line":61,"column":32},"end":{"line":61,"column":36}}]},"2":{"loc":{"start":{"line":61,"column":37},"end":{"line":61,"column":55}},"type":"cond-expr","locations":[{"start":{"line":61,"column":47},"end":{"line":61,"column":50}},{"start":{"line":61,"column":53},"end":{"line":61,"column":55}}]},"3":{"loc":{"start":{"line":62,"column":23},"end":{"line":62,"column":46}},"type":"cond-expr","locations":[{"start":{"line":62,"column":41},"end":{"line":62,"column":45}},{"start":{"line":62,"column":45},"end":{"line":62,"column":46}}]},"4":{"loc":{"start":{"line":62,"column":23},"end":{"line":62,"column":45}},"type":"binary-expr","locations":[{"start":{"line":62,"column":23},"end":{"line":62,"column":45}},{"start":{"line":62,"column":41},"end":{"line":62,"column":45}}]}},"s":{"0":1,"1":1,"2":1,"3":3,"4":1,"5":3,"6":2,"7":6,"8":6,"9":6,"10":6,"11":5},"f":{"0":3,"1":3,"2":6},"b":{"0":[1,5],"1":[6,6],"2":[4,1],"3":[1,5],"4":[6,6]}}
,"/Users/sonu/Desktop/BookMyWorker/bookmyworker/packages/shared-mobile/src/core/api/endpoints/requirementsApi.ts": {"path":"/Users/sonu/Desktop/BookMyWorker/bookmyworker/packages/shared-mobile/src/core/api/endpoints/requirementsApi.ts","statementMap":{"0":{"start":{"line":1,"column":0},"end":{"line":1,"column":38}},"1":{"start":{"line":144,"column":24},"end":{"line":158,"column":1}},"2":{"start":{"line":145,"column":26},"end":{"line":145,"column":28}},"3":{"start":{"line":146,"column":2},"end":{"line":156,"column":5}},"4":{"start":{"line":147,"column":4},"end":{"line":155,"column":5}},"5":{"start":{"line":148,"column":6},"end":{"line":152,"column":9}},"6":{"start":{"line":149,"column":8},"end":{"line":151,"column":9}},"7":{"start":{"line":150,"column":10},"end":{"line":150,"column":64}},"8":{"start":{"line":153,"column":11},"end":{"line":155,"column":5}},"9":{"start":{"line":154,"column":6},"end":{"line":154,"column":58}},"10":{"start":{"line":157,"column":2},"end":{"line":157,"column":25}},"11":{"start":{"line":160,"column":13},"end":{"line":357,"column":2}},"12":{"start":{"line":163,"column":112},"end":{"line":163,"column":119}},"13":{"start":{"line":164,"column":44},"end":{"line":164,"column":59}},"14":{"start":{"line":167,"column":4},"end":{"line":167,"column":66}},"15":{"start":{"line":167,"column":39},"end":{"line":167,"column":66}},"16":{"start":{"line":170,"column":4},"end":{"line":170,"column":45}},"17":{"start":{"line":170,"column":18},"end":{"line":170,"column":45}},"18":{"start":{"line":171,"column":4},"end":{"line":171,"column":54}},"19":{"start":{"line":171,"column":21},"end":{"line":171,"column":54}},"20":{"start":{"line":172,"column":4},"end":{"line":172,"column":36}},"21":{"start":{"line":172,"column":15},"end":{"line":172,"column":36}},"22":{"start":{"line":173,"column":4},"end":{"line":173,"column":45}},"23":{"start":{"line":173,"column":18},"end":{"line":173,"column":45}},"24":{"start":{"line":174,"column":4},"end":{"line":174,"column":54}},"25":{"start":{"line":174,"column":24},"end":{"line":174,"column":54}},"26":{"start":{"line":175,"column":4},"end":{"line":175,"column":49}},"27":{"start":{"line":175,"column":21},"end":{"line":175,"column":49}},"28":{"start":{"line":177,"column":15},"end":{"line":177,"column":38}},"29":{"start":{"line":178,"column":4},"end":{"line":193,"column":10}},"30":{"start":{"line":185,"column":19},"end":{"line":193,"column":9}},"31":{"start":{"line":197,"column":4},"end":{"line":199,"column":26}},"32":{"start":{"line":199,"column":19},"end":{"line":199,"column":25}},"33":{"start":{"line":202,"column":16},"end":{"line":202,"column":105}},"34":{"start":{"line":203,"column":4},"end":{"line":203,"column":32}},"35":{"start":{"line":207,"column":4},"end":{"line":207,"column":104}},"36":{"start":{"line":207,"column":97},"end":{"line":207,"column":103}},"37":{"start":{"line":210,"column":4},"end":{"line":210,"column":91}},"38":{"start":{"line":210,"column":84},"end":{"line":210,"column":90}},"39":{"start":{"line":213,"column":4},"end":{"line":215,"column":26}},"40":{"start":{"line":215,"column":19},"end":{"line":215,"column":25}},"41":{"start":{"line":219,"column":4},"end":{"line":221,"column":26}},"42":{"start":{"line":221,"column":19},"end":{"line":221,"column":25}},"43":{"start":{"line":225,"column":4},"end":{"line":233,"column":9}},"44":{"start":{"line":230,"column":19},"end":{"line":233,"column":9}},"45":{"start":{"line":237,"column":4},"end":{"line":239,"column":26}},"46":{"start":{"line":239,"column":19},"end":{"line":239,"column":25}},"47":{"start":{"line":242,"column":4},"end":{"line":244,"column":26}},"48":{"start":{"line":244,"column":19},"end":{"line":244,"column":25}},"49":{"start":{"line":247,"column":4},"end":{"line":249,"column":26}},"50":{"start":{"line":249,"column":19},"end":{"line":249,"column":25}},"51":{"start":{"line":252,"column":4},"end":{"line":254,"column":26}},"52":{"start":{"line":254,"column":19},"end":{"line":254,"column":25}},"53":{"start":{"line":257,"column":4},"end":{"line":257,"column":76}},"54":{"start":{"line":257,"column":69},"end":{"line":257,"column":75}},"55":{"start":{"line":260,"column":4},"end":{"line":260,"column":86}},"56":{"start":{"line":260,"column":79},"end":{"line":260,"column":85}},"57":{"start":{"line":263,"column":4},"end":{"line":263,"column":77}},"58":{"start":{"line":263,"column":70},"end":{"line":263,"column":76}},"59":{"start":{"line":266,"column":19},"end":{"line":266,"column":40}},"60":{"start":{"line":267,"column":4},"end":{"line":267,"column":51}},"61":{"start":{"line":268,"column":4},"end":{"line":268,"column":61}},"62":{"start":{"line":268,"column":20},"end":{"line":268,"column":61}},"63":{"start":{"line":269,"column":4},"end":{"line":271,"column":38}},"64":{"start":{"line":271,"column":19},"end":{"line":271,"column":37}},"65":{"start":{"line":275,"column":4},"end":{"line":275,"column":90}},"66":{"start":{"line":275,"column":83},"end":{"line":275,"column":89}},"67":{"start":{"line":278,"column":4},"end":{"line":286,"column":8}},"68":{"start":{"line":281,"column":21},"end":{"line":281,"column":27}},"69":{"start":{"line":282,"column":8},"end":{"line":282,"column":45}},"70":{"start":{"line":282,"column":33},"end":{"line":282,"column":45}},"71":{"start":{"line":283,"column":8},"end":{"line":285,"column":16}},"72":{"start":{"line":289,"column":4},"end":{"line":303,"column":8}},"73":{"start":{"line":295,"column":21},"end":{"line":295,"column":27}},"74":{"start":{"line":296,"column":8},"end":{"line":296,"column":75}},"75":{"start":{"line":296,"column":33},"end":{"line":296,"column":75}},"76":{"start":{"line":297,"column":8},"end":{"line":302,"column":10}},"77":{"start":{"line":306,"column":4},"end":{"line":311,"column":8}},"78":{"start":{"line":309,"column":21},"end":{"line":309,"column":27}},"79":{"start":{"line":310,"column":8},"end":{"line":310,"column":82}},"80":{"start":{"line":314,"column":4},"end":{"line":314,"column":75}},"81":{"start":{"line":314,"column":68},"end":{"line":314,"column":74}},"82":{"start":{"line":317,"column":4},"end":{"line":328,"column":8}},"83":{"start":{"line":323,"column":21},"end":{"line":323,"column":27}},"84":{"start":{"line":324,"column":8},"end":{"line":327,"column":10}},"85":{"start":{"line":331,"column":4},"end":{"line":342,"column":8}},"86":{"start":{"line":337,"column":21},"end":{"line":337,"column":27}},"87":{"start":{"line":338,"column":8},"end":{"line":341,"column":10}},"88":{"start":{"line":345,"column":4},"end":{"line":347,"column":40}},"89":{"start":{"line":347,"column":19},"end":{"line":347,"column":40}},"90":{"start":{"line":352,"column":4},"end":{"line":356,"column":64}},"91":{"start":{"line":356,"column":20},"end":{"line":356,"column":62}}},"fnMap":{"0":{"name":"(anonymous_0)","decl":{"start":{"line":144,"column":24},"end":{"line":144,"column":25}},"loc":{"start":{"line":144,"column":68},"end":{"line":158,"column":1}}},"1":{"name":"(anonymous_1)","decl":{"start":{"line":146,"column":33},"end":{"line":146,"column":34}},"loc":{"start":{"line":146,"column":44},"end":{"line":156,"column":3}}},"2":{"name":"(anonymous_2)","decl":{"start":{"line":148,"column":16},"end":{"line":148,"column":17}},"loc":{"start":{"line":148,"column":24},"end":{"line":152,"column":7}}},"3":{"name":"(anonymous_3)","decl":{"start":{"line":162,"column":15},"end":{"line":162,"column":16}},"loc":{"start":{"line":162,"column":45},"end":{"line":194,"column":3}}},"4":{"name":"(anonymous_4)","decl":{"start":{"line":185,"column":12},"end":{"line":185,"column":13}},"loc":{"start":{"line":185,"column":18},"end":{"line":193,"column":9}}},"5":{"name":"(anonymous_5)","decl":{"start":{"line":196,"column":8},"end":{"line":196,"column":9}},"loc":{"start":{"line":197,"column":4},"end":{"line":199,"column":26}}},"6":{"name":"(anonymous_6)","decl":{"start":{"line":199,"column":12},"end":{"line":199,"column":13}},"loc":{"start":{"line":199,"column":19},"end":{"line":199,"column":25}}},"7":{"name":"(anonymous_7)","decl":{"start":{"line":201,"column":11},"end":{"line":201,"column":16}},"loc":{"start":{"line":201,"column":57},"end":{"line":204,"column":3}}},"8":{"name":"(anonymous_8)","decl":{"start":{"line":206,"column":10},"end":{"line":206,"column":11}},"loc":{"start":{"line":207,"column":4},"end":{"line":207,"column":104}}},"9":{"name":"(anonymous_9)","decl":{"start":{"line":207,"column":90},"end":{"line":207,"column":91}},"loc":{"start":{"line":207,"column":97},"end":{"line":207,"column":103}}},"10":{"name":"(anonymous_10)","decl":{"start":{"line":209,"column":10},"end":{"line":209,"column":11}},"loc":{"start":{"line":210,"column":4},"end":{"line":210,"column":91}}},"11":{"name":"(anonymous_11)","decl":{"start":{"line":210,"column":77},"end":{"line":210,"column":78}},"loc":{"start":{"line":210,"column":84},"end":{"line":210,"column":90}}},"12":{"name":"(anonymous_12)","decl":{"start":{"line":212,"column":9},"end":{"line":212,"column":10}},"loc":{"start":{"line":213,"column":4},"end":{"line":215,"column":26}}},"13":{"name":"(anonymous_13)","decl":{"start":{"line":215,"column":12},"end":{"line":215,"column":13}},"loc":{"start":{"line":215,"column":19},"end":{"line":215,"column":25}}},"14":{"name":"(anonymous_14)","decl":{"start":{"line":218,"column":14},"end":{"line":218,"column":15}},"loc":{"start":{"line":219,"column":4},"end":{"line":221,"column":26}}},"15":{"name":"(anonymous_15)","decl":{"start":{"line":221,"column":12},"end":{"line":221,"column":13}},"loc":{"start":{"line":221,"column":19},"end":{"line":221,"column":25}}},"16":{"name":"(anonymous_16)","decl":{"start":{"line":224,"column":12},"end":{"line":224,"column":13}},"loc":{"start":{"line":225,"column":4},"end":{"line":233,"column":9}}},"17":{"name":"(anonymous_17)","decl":{"start":{"line":230,"column":12},"end":{"line":230,"column":13}},"loc":{"start":{"line":230,"column":18},"end":{"line":233,"column":9}}},"18":{"name":"(anonymous_18)","decl":{"start":{"line":236,"column":27},"end":{"line":236,"column":28}},"loc":{"start":{"line":237,"column":4},"end":{"line":239,"column":26}}},"19":{"name":"(anonymous_19)","decl":{"start":{"line":239,"column":12},"end":{"line":239,"column":13}},"loc":{"start":{"line":239,"column":19},"end":{"line":239,"column":25}}},"20":{"name":"(anonymous_20)","decl":{"start":{"line":241,"column":19},"end":{"line":241,"column":20}},"loc":{"start":{"line":242,"column":4},"end":{"line":244,"column":26}}},"21":{"name":"(anonymous_21)","decl":{"start":{"line":244,"column":12},"end":{"line":244,"column":13}},"loc":{"start":{"line":244,"column":19},"end":{"line":244,"column":25}}},"22":{"name":"(anonymous_22)","decl":{"start":{"line":246,"column":19},"end":{"line":246,"column":20}},"loc":{"start":{"line":247,"column":4},"end":{"line":249,"column":26}}},"23":{"name":"(anonymous_23)","decl":{"start":{"line":249,"column":12},"end":{"line":249,"column":13}},"loc":{"start":{"line":249,"column":19},"end":{"line":249,"column":25}}},"24":{"name":"(anonymous_24)","decl":{"start":{"line":251,"column":16},"end":{"line":251,"column":17}},"loc":{"start":{"line":252,"column":4},"end":{"line":254,"column":26}}},"25":{"name":"(anonymous_25)","decl":{"start":{"line":254,"column":12},"end":{"line":254,"column":13}},"loc":{"start":{"line":254,"column":19},"end":{"line":254,"column":25}}},"26":{"name":"(anonymous_26)","decl":{"start":{"line":256,"column":15},"end":{"line":256,"column":16}},"loc":{"start":{"line":257,"column":4},"end":{"line":257,"column":76}}},"27":{"name":"(anonymous_27)","decl":{"start":{"line":257,"column":62},"end":{"line":257,"column":63}},"loc":{"start":{"line":257,"column":69},"end":{"line":257,"column":75}}},"28":{"name":"(anonymous_28)","decl":{"start":{"line":259,"column":20},"end":{"line":259,"column":21}},"loc":{"start":{"line":260,"column":4},"end":{"line":260,"column":86}}},"29":{"name":"(anonymous_29)","decl":{"start":{"line":260,"column":72},"end":{"line":260,"column":73}},"loc":{"start":{"line":260,"column":79},"end":{"line":260,"column":85}}},"30":{"name":"(anonymous_30)","decl":{"start":{"line":262,"column":16},"end":{"line":262,"column":17}},"loc":{"start":{"line":263,"column":4},"end":{"line":263,"column":77}}},"31":{"name":"(anonymous_31)","decl":{"start":{"line":263,"column":63},"end":{"line":263,"column":64}},"loc":{"start":{"line":263,"column":70},"end":{"line":263,"column":76}}},"32":{"name":"(anonymous_32)","decl":{"start":{"line":265,"column":30},"end":{"line":265,"column":31}},"loc":{"start":{"line":265,"column":77},"end":{"line":272,"column":3}}},"33":{"name":"(anonymous_33)","decl":{"start":{"line":271,"column":12},"end":{"line":271,"column":13}},"loc":{"start":{"line":271,"column":18},"end":{"line":271,"column":37}}},"34":{"name":"(anonymous_34)","decl":{"start":{"line":274,"column":21},"end":{"line":274,"column":22}},"loc":{"start":{"line":275,"column":4},"end":{"line":275,"column":90}}},"35":{"name":"(anonymous_35)","decl":{"start":{"line":275,"column":76},"end":{"line":275,"column":77}},"loc":{"start":{"line":275,"column":83},"end":{"line":275,"column":89}}},"36":{"name":"(anonymous_36)","decl":{"start":{"line":277,"column":21},"end":{"line":277,"column":24}},"loc":{"start":{"line":278,"column":4},"end":{"line":286,"column":8}}},"37":{"name":"(anonymous_37)","decl":{"start":{"line":280,"column":12},"end":{"line":280,"column":13}},"loc":{"start":{"line":280,"column":18},"end":{"line":286,"column":7}}},"38":{"name":"(anonymous_38)","decl":{"start":{"line":288,"column":14},"end":{"line":288,"column":15}},"loc":{"start":{"line":289,"column":4},"end":{"line":303,"column":8}}},"39":{"name":"(anonymous_39)","decl":{"start":{"line":294,"column":12},"end":{"line":294,"column":13}},"loc":{"start":{"line":294,"column":18},"end":{"line":303,"column":7}}},"40":{"name":"(anonymous_40)","decl":{"start":{"line":305,"column":14},"end":{"line":305,"column":15}},"loc":{"start":{"line":306,"column":4},"end":{"line":311,"column":8}}},"41":{"name":"(anonymous_41)","decl":{"start":{"line":308,"column":12},"end":{"line":308,"column":13}},"loc":{"start":{"line":308,"column":18},"end":{"line":311,"column":7}}},"42":{"name":"(anonymous_42)","decl":{"start":{"line":313,"column":21},"end":{"line":313,"column":22}},"loc":{"start":{"line":314,"column":4},"end":{"line":314,"column":75}}},"43":{"name":"(anonymous_43)","decl":{"start":{"line":314,"column":61},"end":{"line":314,"column":62}},"loc":{"start":{"line":314,"column":68},"end":{"line":314,"column":74}}},"44":{"name":"(anonymous_44)","decl":{"start":{"line":316,"column":21},"end":{"line":316,"column":22}},"loc":{"start":{"line":317,"column":4},"end":{"line":328,"column":8}}},"45":{"name":"(anonymous_45)","decl":{"start":{"line":322,"column":12},"end":{"line":322,"column":13}},"loc":{"start":{"line":322,"column":18},"end":{"line":328,"column":7}}},"46":{"name":"(anonymous_46)","decl":{"start":{"line":330,"column":18},"end":{"line":330,"column":19}},"loc":{"start":{"line":331,"column":4},"end":{"line":342,"column":8}}},"47":{"name":"(anonymous_47)","decl":{"start":{"line":336,"column":12},"end":{"line":336,"column":13}},"loc":{"start":{"line":336,"column":18},"end":{"line":342,"column":7}}},"48":{"name":"(anonymous_48)","decl":{"start":{"line":344,"column":19},"end":{"line":344,"column":22}},"loc":{"start":{"line":345,"column":4},"end":{"line":347,"column":40}}},"49":{"name":"(anonymous_49)","decl":{"start":{"line":347,"column":12},"end":{"line":347,"column":13}},"loc":{"start":{"line":347,"column":18},"end":{"line":347,"column":40}}},"50":{"name":"(anonymous_50)","decl":{"start":{"line":351,"column":23},"end":{"line":351,"column":24}},"loc":{"start":{"line":352,"column":4},"end":{"line":356,"column":64}}},"51":{"name":"(anonymous_51)","decl":{"start":{"line":356,"column":12},"end":{"line":356,"column":13}},"loc":{"start":{"line":356,"column":20},"end":{"line":356,"column":62}}}},"branchMap":{"0":{"loc":{"start":{"line":147,"column":4},"end":{"line":155,"column":5}},"type":"if","locations":[{"start":{"line":147,"column":4},"end":{"line":155,"column":5}},{"start":{"line":153,"column":11},"end":{"line":155,"column":5}}]},"1":{"loc":{"start":{"line":149,"column":8},"end":{"line":151,"column":9}},"type":"if","locations":[{"start":{"line":149,"column":8},"end":{"line":151,"column":9}}]},"2":{"loc":{"start":{"line":149,"column":12},"end":{"line":149,"column":59}},"type":"binary-expr","locations":[{"start":{"line":149,"column":12},"end":{"line":149,"column":29}},{"start":{"line":149,"column":33},"end":{"line":149,"column":45}},{"start":{"line":149,"column":49},"end":{"line":149,"column":59}}]},"3":{"loc":{"start":{"line":153,"column":11},"end":{"line":155,"column":5}},"type":"if","locations":[{"start":{"line":153,"column":11},"end":{"line":155,"column":5}}]},"4":{"loc":{"start":{"line":153,"column":15},"end":{"line":153,"column":56}},"type":"binary-expr","locations":[{"start":{"line":153,"column":15},"end":{"line":153,"column":30}},{"start":{"line":153,"column":34},"end":{"line":153,"column":44}},{"start":{"line":153,"column":48},"end":{"line":153,"column":56}}]},"5":{"loc":{"start":{"line":163,"column":66},"end":{"line":163,"column":74}},"type":"default-arg","locations":[{"start":{"line":163,"column":73},"end":{"line":163,"column":74}}]},"6":{"loc":{"start":{"line":163,"column":76},"end":{"line":163,"column":86}},"type":"default-arg","locations":[{"start":{"line":163,"column":84},"end":{"line":163,"column":86}}]},"7":{"loc":{"start":{"line":167,"column":4},"end":{"line":167,"column":66}},"type":"if","locations":[{"start":{"line":167,"column":4},"end":{"line":167,"column":66}}]},"8":{"loc":{"start":{"line":167,"column":8},"end":{"line":167,"column":37}},"type":"binary-expr","locations":[{"start":{"line":167,"column":8},"end":{"line":167,"column":27}},{"start":{"line":167,"column":31},"end":{"line":167,"column":37}}]},"9":{"loc":{"start":{"line":170,"column":4},"end":{"line":170,"column":45}},"type":"if","locations":[{"start":{"line":170,"column":4},"end":{"line":170,"column":45}}]},"10":{"loc":{"start":{"line":171,"column":4},"end":{"line":171,"column":54}},"type":"if","locations":[{"start":{"line":171,"column":4},"end":{"line":171,"column":
[...]
,"/Users/sonu/Desktop/BookMyWorker/bookmyworker/packages/shared-mobile/src/core/api/endpoints/workerMappingApi.ts": {"path":"/Users/sonu/Desktop/BookMyWorker/bookmyworker/packages/shared-mobile/src/core/api/endpoints/workerMappingApi.ts","statementMap":{"0":{"start":{"line":1,"column":0},"end":{"line":1,"column":38}},"1":{"start":{"line":39,"column":13},"end":{"line":95,"column":2}},"2":{"start":{"line":42,"column":4},"end":{"line":47,"column":26}},"3":{"start":{"line":47,"column":19},"end":{"line":47,"column":25}},"4":{"start":{"line":51,"column":4},"end":{"line":55,"column":45}},"5":{"start":{"line":55,"column":19},"end":{"line":55,"column":45}},"6":{"start":{"line":59,"column":4},"end":{"line":65,"column":26}},"7":{"start":{"line":65,"column":19},"end":{"line":65,"column":25}},"8":{"start":{"line":69,"column":4},"end":{"line":74,"column":26}},"9":{"start":{"line":74,"column":19},"end":{"line":74,"column":25}},"10":{"start":{"line":78,"column":4},"end":{"line":80,"column":26}},"11":{"start":{"line":80,"column":19},"end":{"line":80,"column":25}},"12":{"start":{"line":84,"column":4},"end":{"line":94,"column":26}},"13":{"start":{"line":94,"column":19},"end":{"line":94,"column":25}}},"fnMap":{"0":{"name":"(anonymous_0)","decl":{"start":{"line":41,"column":13},"end":{"line":41,"column":14}},"loc":{"start":{"line":42,"column":4},"end":{"line":47,"column":26}}},"1":{"name":"(anonymous_1)","decl":{"start":{"line":47,"column":12},"end":{"line":47,"column":13}},"loc":{"start":{"line":47,"column":19},"end":{"line":47,"column":25}}},"2":{"name":"(anonymous_2)","decl":{"start":{"line":50,"column":31},"end":{"line":50,"column":34}},"loc":{"start":{"line":51,"column":4},"end":{"line":55,"column":45}}},"3":{"name":"(anonymous_3)","decl":{"start":{"line":55,"column":12},"end":{"line":55,"column":13}},"loc":{"start":{"line":55,"column":18},"end":{"line":55,"column":45}}},"4":{"name":"(anonymous_4)","decl":{"start":{"line":58,"column":26},"end":{"line":58,"column":27}},"loc":{"start":{"line":59,"column":4},"end":{"line":65,"column":26}}},"5":{"name":"(anonymous_5)","decl":{"start":{"line":65,"column":12},"end":{"line":65,"column":13}},"loc":{"start":{"line":65,"column":19},"end":{"line":65,"column":25}}},"6":{"name":"(anonymous_6)","decl":{"start":{"line":68,"column":23},"end":{"line":68,"column":24}},"loc":{"start":{"line":69,"column":4},"end":{"line":74,"column":26}}},"7":{"name":"(anonymous_7)","decl":{"start":{"line":74,"column":12},"end":{"line":74,"column":13}},"loc":{"start":{"line":74,"column":19},"end":{"line":74,"column":25}}},"8":{"name":"(anonymous_8)","decl":{"start":{"line":77,"column":19},"end":{"line":77,"column":20}},"loc":{"start":{"line":78,"column":4},"end":{"line":80,"column":26}}},"9":{"name":"(anonymous_9)","decl":{"start":{"line":80,"column":12},"end":{"line":80,"column":13}},"loc":{"start":{"line":80,"column":19},"end":{"line":80,"column":25}}},"10":{"name":"(anonymous_10)","decl":{"start":{"line":83,"column":31},"end":{"line":83,"column":34}},"loc":{"start":{"line":84,"column":4},"end":{"line":94,"column":26}}},"11":{"name":"(anonymous_11)","decl":{"start":{"line":94,"column":12},"end":{"line":94,"column":13}},"loc":{"start":{"line":94,"column":19},"end":{"line":94,"column":25}}}},"branchMap":{"0":{"loc":{"start":{"line":55,"column":19},"end":{"line":55,"column":44}},"type":"cond-expr","locations":[{"start":{"line":55,"column":38},"end":{"line":55,"column":42}},{"start":{"line":55,"column":42},"end":{"line":55,"column":44}}]},"1":{"loc":{"start":{"line":55,"column":19},"end":{"line":55,"column":42}},"type":"binary-expr","locations":[{"start":{"line":55,"column":19},"end":{"line":55,"column":42}},{"start":{"line":55,"column":38},"end":{"line":55,"column":42}}]}},"s":{"0":1,"1":1,"2":3,"3":2,"4":3,"5":2,"6":2,"7":1,"8":3,"9":2,"10":3,"11":1,"12":2,"13":1},"f":{"0":3,"1":2,"2":3,"3":2,"4":2,"5":1,"6":3,"7":2,"8":3,"9":1,"10":2,"11":1},"b":{"0":[1,1],"1":[2,2]}}
,"/Users/sonu/Desktop/BookMyWorker/bookmyworker/packages/shared-mobile/src/core/storage/authStorage.ts": {"path":"/Users/sonu/Desktop/BookMyWorker/bookmyworker/packages/shared-mobile/src/core/storage/authStorage.ts","statementMap":{"0":{"start":{"line":1,"column":0},"end":{"line":1,"column":69}},"1":{"start":{"line":2,"column":0},"end":{"line":2,"column":49}},"2":{"start":{"line":3,"column":0},"end":{"line":3,"column":66}},"3":{"start":{"line":8,"column":31},"end":{"line":21,"column":1}},"4":{"start":{"line":9,"column":45},"end":{"line":14,"column":4}},"5":{"start":{"line":16,"column":2},"end":{"line":20,"column":5}},"6":{"start":{"line":8,"column":13},"end":{"line":8,"column":31}},"7":{"start":{"line":23,"column":31},"end":{"line":48,"column":1}},"8":{"start":{"line":24,"column":53},"end":{"line":28,"column":4}},"9":{"start":{"line":30,"column":2},"end":{"line":32,"column":3}},"10":{"start":{"line":31,"column":4},"end":{"line":31,"column":16}},"11":{"start":{"line":34,"column":2},"end":{"line":47,"column":3}},"12":{"start":{"line":35,"column":29},"end":{"line":35,"column":74}},"13":{"start":{"line":36,"column":4},"end":{"line":44,"column":6}},"14":{"start":{"line":46,"column":4},"end":{"line":46,"column":16}},"15":{"start":{"line":23,"column":13},"end":{"line":23,"column":31}},"16":{"start":{"line":50,"column":32},"end":{"line":56,"column":1}},"17":{"start":{"line":51,"column":2},"end":{"line":55,"column":5}},"18":{"start":{"line":50,"column":13},"end":{"line":50,"column":32}},"19":{"start":{"line":58,"column":30},"end":{"line":59,"column":53}},"20":{"start":{"line":59,"column":2},"end":{"line":59,"column":53}},"21":{"start":{"line":58,"column":13},"end":{"line":58,"column":30}}},"fnMap":{"0":{"name":"(anonymous_10)","decl":{"start":{"line":8,"column":31},"end":{"line":8,"column":36}},"loc":{"start":{"line":8,"column":77},"end":{"line":21,"column":1}}},"1":{"name":"(anonymous_11)","decl":{"start":{"line":23,"column":31},"end":{"line":23,"column":36}},"loc":{"start":{"line":23,"column":71},"end":{"line":48,"column":1}}},"2":{"name":"(anonymous_12)","decl":{"start":{"line":50,"column":32},"end":{"line":50,"column":37}},"loc":{"start":{"line":50,"column":58},"end":{"line":56,"column":1}}},"3":{"name":"(anonymous_13)","decl":{"start":{"line":58,"column":30},"end":{"line":58,"column":35}},"loc":{"start":{"line":59,"column":2},"end":{"line":59,"column":53}}}},"branchMap":{"0":{"loc":{"start":{"line":30,"column":2},"end":{"line":32,"column":3}},"type":"if","locations":[{"start":{"line":30,"column":2},"end":{"line":32,"column":3}}]},"1":{"loc":{"start":{"line":30,"column":6},"end":{"line":30,"column":53}},"type":"binary-expr","locations":[{"start":{"line":30,"column":6},"end":{"line":30,"column":20}},{"start":{"line":30,"column":24},"end":{"line":30,"column":36}},{"start":{"line":30,"column":40},"end":{"line":30,"column":53}}]}},"s":{"0":1,"1":1,"2":1,"3":1,"4":7,"5":7,"6":1,"7":1,"8":6,"9":6,"10":3,"11":3,"12":3,"13":2,"14":1,"15":1,"16":1,"17":2,"18":1,"19":1,"20":2,"21":1},"f":{"0":7,"1":6,"2":2,"3":2},"b":{"0":[3],"1":[6,5,4]}}
,"/Users/sonu/Desktop/BookMyWorker/bookmyworker/packages/shared-mobile/src/features/auth/services/authService.ts": {"path":"/Users/sonu/Desktop/BookMyWorker/bookmyworker/packages/shared-mobile/src/features/auth/services/authService.ts","statementMap":{"0":{"start":{"line":1,"column":0},"end":{"line":1,"column":202}},"1":{"start":{"line":2,"column":0},"end":{"line":2,"column":87}},"2":{"start":{"line":3,"column":0},"end":{"line":3,"column":78}},"3":{"start":{"line":8,"column":46},"end":{"line":8,"column":97}},"4":{"start":{"line":11,"column":2},"end":{"line":13,"column":29}},"5":{"start":{"line":12,"column":4},"end":{"line":12,"column":null}},"6":{"start":{"line":17,"column":2},"end":{"line":22,"column":3}},"7":{"start":{"line":18,"column":21},"end":{"line":18,"column":36}},"8":{"start":{"line":19,"column":21},"end":{"line":19,"column":41}},"9":{"start":{"line":20,"column":21},"end":{"line":20,"column":39}},"10":{"start":{"line":21,"column":21},"end":{"line":21,"column":37}},"11":{"start":{"line":25,"column":17},"end":{"line":32,"column":2}},"12":{"start":{"line":25,"column":50},"end":{"line":32,"column":2}},"13":{"start":{"line":34,"column":13},"end":{"line":159,"column":2}},"14":{"start":{"line":36,"column":4},"end":{"line":36,"column":47}},"15":{"start":{"line":39,"column":22},"end":{"line":39,"column":58}},"16":{"start":{"line":41,"column":4},"end":{"line":51,"column":5}},"17":{"start":{"line":42,"column":6},"end":{"line":50,"column":8}},"18":{"start":{"line":53,"column":21},"end":{"line":53,"column":74}},"19":{"start":{"line":56,"column":24},"end":{"line":56,"column":32}},"20":{"start":{"line":57,"column":4},"end":{"line":68,"column":5}},"21":{"start":{"line":58,"column":19},"end":{"line":58,"column":56}},"22":{"start":{"line":59,"column":22},"end":{"line":59,"column":62}},"23":{"start":{"line":60,"column":6},"end":{"line":67,"column":7}},"24":{"start":{"line":61,"column":8},"end":{"line":66,"column":9}},"25":{"start":{"line":62,"column":10},"end":{"line":62,"column":59}},"26":{"start":{"line":63,"column":10},"end":{"line":63,"column":97}},"27":{"start":{"line":65,"column":10},"end":{"line":65,"column":35}},"28":{"start":{"line":70,"column":4},"end":{"line":72,"column":5}},"29":{"start":{"line":71,"column":6},"end":{"line":71,"column":63}},"30":{"start":{"line":73,"column":4},"end":{"line":82,"column":6}},"31":{"start":{"line":86,"column":4},"end":{"line":86,"column":32}},"32":{"start":{"line":90,"column":4},"end":{"line":90,"column":44}},"33":{"start":{"line":90,"column":37},"end":{"line":90,"column":44}},"34":{"start":{"line":91,"column":4},"end":{"line":91,"column":36}},"35":{"start":{"line":96,"column":22},"end":{"line":96,"column":58}},"36":{"start":{"line":97,"column":21},"end":{"line":97,"column":90}},"37":{"start":{"line":98,"column":4},"end":{"line":100,"column":5}},"38":{"start":{"line":99,"column":6},"end":{"line":99,"column":63}},"39":{"start":{"line":101,"column":4},"end":{"line":110,"column":6}},"40":{"start":{"line":115,"column":22},"end":{"line":115,"column":58}},"41":{"start":{"line":116,"column":21},"end":{"line":116,"column":62}},"42":{"start":{"line":117,"column":4},"end":{"line":119,"column":5}},"43":{"start":{"line":118,"column":6},"end":{"line":118,"column":63}},"44":{"start":{"line":120,"column":4},"end":{"line":129,"column":6}},"45":{"start":{"line":133,"column":21},"end":{"line":133,"column":60}},"46":{"start":{"line":134,"column":4},"end":{"line":143,"column":6}},"47":{"start":{"line":147,"column":4},"end":{"line":151,"column":5}},"48":{"start":{"line":148,"column":6},"end":{"line":148,"column":42}},"49":{"start":{"line":152,"column":4},"end":{"line":157,"column":5}},"50":{"start":{"line":153,"column":28},"end":{"line":153,"column":68}},"51":{"start":{"line":154,"column":6},"end":{"line":154,"column":49}}},"fnMap":{"0":{"name":"pickBestRole","decl":{"start":{"line":10,"column":9},"end":{"line":10,"column":21}},"loc":{"start":{"line":10,"column":46},"end":{"line":14,"column":1}}},"1":{"name":"(anonymous_10)","decl":{"start":{"line":11,"column":31},"end":{"line":11,"column":32}},"loc":{"start":{"line":11,"column":43},"end":{"line":12,"column":null}}},"2":{"name":"toCurrentBackendRole","decl":{"start":{"line":16,"column":9},"end":{"line":16,"column":29}},"loc":{"start":{"line":16,"column":50},"end":{"line":23,"column":1}}},"3":{"name":"(anonymous_12)","decl":{"start":{"line":25,"column":17},"end":{"line":25,"column":18}},"loc":{"start":{"line":25,"column":50},"end":{"line":32,"column":2}}},"4":{"name":"(anonymous_13)","decl":{"start":{"line":35,"column":14},"end":{"line":35,"column":19}},"loc":{"start":{"line":36,"column":4},"end":{"line":36,"column":47}}},"5":{"name":"(anonymous_14)","decl":{"start":{"line":38,"column":13},"end":{"line":38,"column":18}},"loc":{"start":{"line":38,"column":159},"end":{"line":83,"column":3}}},"6":{"name":"(anonymous_15)","decl":{"start":{"line":71,"column":53},"end":{"line":71,"column":56}},"loc":{"start":{"line":71,"column":58},"end":{"line":71,"column":61}}},"7":{"name":"(anonymous_16)","decl":{"start":{"line":85,"column":12},"end":{"line":85,"column":17}},"loc":{"start":{"line":85,"column":62},"end":{"line":87,"column":3}}},"8":{"name":"(anonymous_17)","decl":{"start":{"line":89,"column":28},"end":{"line":89,"column":33}},"loc":{"start":{"line":89,"column":80},"end":{"line":92,"column":3}}},"9":{"name":"(anonymous_18)","decl":{"start":{"line":95,"column":21},"end":{"line":95,"column":26}},"loc":{"start":{"line":95,"column":130},"end":{"line":111,"column":3}}},"10":{"name":"(anonymous_19)","decl":{"start":{"line":99,"column":53},"end":{"line":99,"column":56}},"loc":{"start":{"line":99,"column":58},"end":{"line":99,"column":61}}},"11":{"name":"(anonymous_20)","decl":{"start":{"line":114,"column":22},"end":{"line":114,"column":27}},"loc":{"start":{"line":114,"column":101},"end":{"line":130,"column":3}}},"12":{"name":"(anonymous_21)","decl":{"start":{"line":118,"column":53},"end":{"line":118,"column":56}},"loc":{"start":{"line":118,"column":58},"end":{"line":118,"column":61}}},"13":{"name":"(anonymous_22)","decl":{"start":{"line":132,"column":14},"end":{"line":132,"column":19}},"loc":{"start":{"line":132,"column":82},"end":{"line":144,"column":3}}},"14":{"name":"(anonymous_23)","decl":{"start":{"line":146,"column":10},"end":{"line":146,"column":15}},"loc":{"start":{"line":146,"column":36},"end":{"line":158,"column":3}}},"15":{"name":"(anonymous_24)","decl":{"start":{"line":153,"column":28},"end":{"line":153,"column":41}},"loc":{"start":{"line":153,"column":28},"end":{"line":153,"column":68}}}},"branchMap":{"0":{"loc":{"start":{"line":12,"column":4},"end":{"line":12,"column":67}},"type":"cond-expr","locations":[{"start":{"line":12,"column":59},"end":{"line":12,"column":60}},{"start":{"line":12,"column":63},"end":{"line":12,"column":67}}]},"1":{"loc":{"start":{"line":12,"column":5},"end":{"line":12,"column":26}},"type":"cond-expr","locations":[{"start":{"line":12,"column":21},"end":{"line":12,"column":25}},{"start":{"line":12,"column":25},"end":{"line":12,"column":26}}]},"2":{"loc":{"start":{"line":12,"column":5},"end":{"line":12,"column":25}},"type":"binary-expr","locations":[{"start":{"line":12,"column":5},"end":{"line":12,"column":25}},{"start":{"line":12,"column":21},"end":{"line":12,"column":25}}]},"3":{"loc":{"start":{"line":12,"column":31},"end":{"line":12,"column":55}},"type":"cond-expr","locations":[{"start":{"line":12,"column":50},"end":{"line":12,"column":54}},{"start":{"line":12,"column":54},"end":{"line":12,"column":55}}]},"4":{"loc":{"start":{"line":12,"column":31},"end":{"line":12,"column":54}},"type":"binary-expr","locations":[{"start":{"line":12,"column":31},"end":{"line":12,"column":54}},{"start":{"line":12,"column":50},"end":{"line":12,"column":54}}]},"5":{"loc":{"start":{"line":13,"column":4},"end":{"line":13,"column":27}},"type":"cond-expr","locations":[{"start":{"line":13,"column":21},"end":{"line":13,"column":25}},{"start":{"line":13,"column":25},"end":{"line":13,"column":27}}]},"6":{"loc":{"start":{"line":13,"column":4},"end":{"line":13,"column":25}},"type":"binary-expr","locations":[{"start":{"line":13,"column":4},"end":{"line":13,"column":25}},{"start":{"line":13,"column":21},"end":{"line":13,"column":25}}]},"7":{"loc":{"start":{"line":17,"column":2},"end":{"line":22,"column":3}},"type":"switch","locations":[{"start":{"line":18,"column":4},"end":{"line":18,"column":36}},{"start":{"line":19,"column":4},"end":{"line":19,"column":41}},{"start":{"line":20,"column":4},"end":{"line":20,"column":39}},{"start":{"line":21,"column":4},"end":{"line":21,"column":37}}]},"8":{"loc":{"start":{"line":41,"column":4},"end":{"line":51,"column":5}},"type":"if","locations":[{"start":{"line":41,"column":4},"end":{"line":51,"column":5}}]},"9":{"loc":{"start":{"line":41,"column":8},"end":{"line":41,"column":35}},"type":"binary-expr","locations":[{"start":{"line":41,"column":8},"end":{"line":41,"column":15}},{"start":{"line":41,"column":19},"end":{"line":41,"column":35}}]},"10":{"loc":{"start":{"line":57,"column":4},"end":{"line":68,"column":5}},"type":"if","locations":[{"start":{"line":57,"column":4},"end":{"line":68,"column":5}}]},"11":{"loc":{"start":{"line":57,"column":8},"end":{"line":57,"column":82}},"type":"binary-expr","locations":[{"start":{"line":57,"column":8},"end":{"line":57,"column":17}},{"start":{"line":57,"column":21},"end":{"line":57,"column":44}},{"start":{"line":57,"column":48},"end":{"line":57,"column":82}}]},"12":{"loc":{"start":{"line":60,"column":6},"end":{"line":67,"column":7}},"type":"if","locations":[{"start":{"line":60,"column":6},"end":{"line":67,"column":7}}]},"13":{"loc":{"start":{"line":60,"column":10},"end":{"line":60,"column":34}},"type":"binary-expr","locations":[{"start":{"line":60,"column":10},"end":{"line":60,"column":14}},{"start":{"line":60,"column":18},"end":{"line":60,"column":34}}]},"14":{"loc":{"start":{"line":63,"column":41},"end":{"line":63,"column":96}},"type":"cond-expr","locations":[{"start":{"line":63,"column":69},"end":{"line":63,"column":73}},{"start":{"line":63,"column":73},"end":{"line":63,"column":96}}]},"15":{"loc":{"start":{"line":63,"column":41},"end":{"line":63,"column":73}},"type":"binary-expr","locations":[{"start":{"line":63,"column":41},"end":{"line":63,"column":73}},{"start":{"line":63,"column":69},"end":{"line":63,"column":73}}]},"16":{"loc":{"start":{"line":70,"column":4},"end":{"line":72,"column":5}},"type":"if","locations":[{"start":{"line":70,"column":4},"end":{"line":72,"column":5}}]},"17":{"loc":{"start":{"line":90,"column":4},"end":{"line":90,"column":44}},"type":"if","locations":[{"start":{"line":90,"column":4},"end":{"line":90,"column":44}}]},"18":{"loc":{"start":{"line":90,"column":8},"end":{"line":90,"column":35}},"type":"binary-expr","locations":[{"start":{"line":90,"column":8},"end":{"line":90,"column":15}},{"start":{"line":90,"column":19},"end":{"line":90,"column":35}}]},"19":{"loc":{"start":{"line":98,"column":4},"end":{"line":100,"column":5}},"type":"if","locations":[{"start":{"line":98,"column":4},"end":{"line":100,"column":5}}]},"20":{"loc":{"start":{"line":117,"column":4},"end":{"line":119,"column":5}},"type":"if","locations":[{"start":{"line":117,"column":4},"end":{"line":119,"column":5}}]}},"s":{"0":1,"1":1,"2":1,"3":1,"4":4,"5":8,"6":4,"7":0,"8":0,"9":0,"10":4,"11":1,"12":1,"13":1,"14":2,"15":10,"16":10,"17":1,"18":9,"19":9,"20":9,"21":4,"22":4,"23":4,"24":4,"25":4,"26":3,"27":1,"28":9,"29":9,"30":9,"31":2,"32":3,"33":1,"34":2,"35":4,"36":4,"37":3,"38":3,"39":3,"40":2,"41":2,"42":2,"43":2,"44":2,"45":2,"46":1,"47":2,"48":2,"49":2,"50":4,"51":2},"f":{"0":4,"1":8,"2":4,"3":1,"4":2,"5":10,"6":1,"7":2,"8":3,"9":4,"10":3,"11":2,"12":2,"13":2,"14":2,"15":2},"b":{"0":[4,4],"1":[8,0],"2":[8,8],"3":[8,0],"4":[8,8],"5":[4,0],"6":[4,4],"7":[0,0,0,4],"8":[1],"9":[10,1],"10":[4],"11":[9,8,5],"12":[4],"13":[4,4],"14":[2,1],"15":[3,3],"16":[9],"17":[1],"18":[3,1],"19":[3],"20":[2]}}
}
