{"/Users/sonu/Desktop/0/bookmyworker/packages/shared-mobile/src/features/auth/services/authService.ts": {"path":"/Users/sonu/Desktop/0/bookmyworker/packages/shared-mobile/src/features/auth/services/authService.ts","statementMap":{"0":{"start":{"line":1,"column":0},"end":{"line":1,"column":270}},"1":{"start":{"line":2,"column":0},"end":{"line":2,"column":87}},"2":{"start":{"line":3,"column":0},"end":{"line":3,"column":78}},"3":{"start":{"line":6,"column":0},"end":{"line":6,"column":83}},"4":{"start":{"line":9,"column":46},"end":{"line":9,"column":97}},"5":{"start":{"line":12,"column":2},"end":{"line":14,"column":29}},"6":{"start":{"line":13,"column":4},"end":{"line":13,"column":null}},"7":{"start":{"line":18,"column":2},"end":{"line":23,"column":3}},"8":{"start":{"line":19,"column":21},"end":{"line":19,"column":36}},"9":{"start":{"line":20,"column":21},"end":{"line":20,"column":41}},"10":{"start":{"line":21,"column":21},"end":{"line":21,"column":39}},"11":{"start":{"line":22,"column":21},"end":{"line":22,"column":37}},"12":{"start":{"line":26,"column":17},"end":{"line":33,"column":2}},"13":{"start":{"line":26,"column":50},"end":{"line":33,"column":2}},"14":{"start":{"line":35,"column":13},"end":{"line":199,"column":2}},"15":{"start":{"line":37,"column":4},"end":{"line":37,"column":47}},"16":{"start":{"line":40,"column":22},"end":{"line":40,"column":58}},"17":{"start":{"line":42,"column":4},"end":{"line":52,"column":5}},"18":{"start":{"line":43,"column":6},"end":{"line":51,"column":8}},"19":{"start":{"line":54,"column":21},"end":{"line":54,"column":74}},"20":{"start":{"line":57,"column":24},"end":{"line":57,"column":32}},"21":{"start":{"line":58,"column":4},"end":{"line":69,"column":5}},"22":{"start":{"line":59,"column":19},"end":{"line":59,"column":56}},"23":{"start":{"line":60,"column":22},"end":{"line":60,"column":62}},"24":{"start":{"line":61,"column":6},"end":{"line":68,"column":7}},"25":{"start":{"line":62,"column":8},"end":{"line":67,"column":9}},"26":{"start":{"line":63,"column":10},"end":{"line":63,"column":59}},"27":{"start":{"line":64,"column":10},"end":{"line":64,"column":97}},"28":{"start":{"line":66,"column":10},"end":{"line":66,"column":35}},"29":{"start":{"line":71,"column":4},"end":{"line":73,"column":5}},"30":{"start":{"line":72,"column":6},"end":{"line":72,"column":63}},"31":{"start":{"line":74,"column":4},"end":{"line":83,"column":6}},"32":{"start":{"line":87,"column":4},"end":{"line":87,"column":32}},"33":{"start":{"line":96,"column":16},"end":{"line":96,"column":57}},"34":{"start":{"line":97,"column":4},"end":{"line":109,"column":5}},"35":{"start":{"line":98,"column":24},"end":{"line":98,"column":60}},"36":{"start":{"line":99,"column":6},"end":{"line":99,"column":78}},"37":{"start":{"line":99,"column":21},"end":{"line":99,"column":78}},"38":{"start":{"line":100,"column":6},"end":{"line":108,"column":8}},"39":{"start":{"line":110,"column":4},"end":{"line":110,"column":125}},"40":{"start":{"line":118,"column":22},"end":{"line":118,"column":58}},"41":{"start":{"line":119,"column":16},"end":{"line":119,"column":48}},"42":{"start":{"line":120,"column":4},"end":{"line":120,"column":76}},"43":{"start":{"line":120,"column":19},"end":{"line":120,"column":76}},"44":{"start":{"line":121,"column":4},"end":{"line":126,"column":6}},"45":{"start":{"line":130,"column":4},"end":{"line":130,"column":44}},"46":{"start":{"line":130,"column":37},"end":{"line":130,"column":44}},"47":{"start":{"line":131,"column":4},"end":{"line":131,"column":36}},"48":{"start":{"line":136,"column":22},"end":{"line":136,"column":58}},"49":{"start":{"line":137,"column":21},"end":{"line":137,"column":90}},"50":{"start":{"line":138,"column":4},"end":{"line":140,"column":5}},"51":{"start":{"line":139,"column":6},"end":{"line":139,"column":63}},"52":{"start":{"line":141,"column":4},"end":{"line":150,"column":6}},"53":{"start":{"line":155,"column":22},"end":{"line":155,"column":58}},"54":{"start":{"line":156,"column":21},"end":{"line":156,"column":62}},"55":{"start":{"line":157,"column":4},"end":{"line":159,"column":5}},"56":{"start":{"line":158,"column":6},"end":{"line":158,"column":63}},"57":{"start":{"line":160,"column":4},"end":{"line":169,"column":6}},"58":{"start":{"line":173,"column":21},"end":{"line":173,"column":60}},"59":{"start":{"line":174,"column":4},"end":{"line":183,"column":6}},"60":{"start":{"line":187,"column":4},"end":{"line":191,"column":5}},"61":{"start":{"line":188,"column":6},"end":{"line":188,"column":42}},"62":{"start":{"line":192,"column":4},"end":{"line":197,"column":5}},"63":{"start":{"line":193,"column":28},"end":{"line":193,"column":68}},"64":{"start":{"line":194,"column":6},"end":{"line":194,"column":49}}},"fnMap":{"0":{"name":"pickBestRole","decl":{"start":{"line":11,"column":9},"end":{"line":11,"column":21}},"loc":{"start":{"line":11,"column":46},"end":{"line":15,"column":1}}},"1":{"name":"(anonymous_10)","decl":{"start":{"line":12,"column":31},"end":{"line":12,"column":32}},"loc":{"start":{"line":12,"column":43},"end":{"line":13,"column":null}}},"2":{"name":"toCurrentBackendRole","decl":{"start":{"line":17,"column":9},"end":{"line":17,"column":29}},"loc":{"start":{"line":17,"column":50},"end":{"line":24,"column":1}}},"3":{"name":"(anonymous_12)","decl":{"start":{"line":26,"column":17},"end":{"line":26,"column":18}},"loc":{"start":{"line":26,"column":50},"end":{"line":33,"column":2}}},"4":{"name":"(anonymous_13)","decl":{"start":{"line":36,"column":14},"end":{"line":36,"column":19}},"loc":{"start":{"line":37,"column":4},"end":{"line":37,"column":47}}},"5":{"name":"(anonymous_14)","decl":{"start":{"line":39,"column":13},"end":{"line":39,"column":18}},"loc":{"start":{"line":39,"column":159},"end":{"line":84,"column":3}}},"6":{"name":"(anonymous_15)","decl":{"start":{"line":72,"column":53},"end":{"line":72,"column":56}},"loc":{"start":{"line":72,"column":58},"end":{"line":72,"column":61}}},"7":{"name":"(anonymous_16)","decl":{"start":{"line":86,"column":12},"end":{"line":86,"column":17}},"loc":{"start":{"line":86,"column":62},"end":{"line":88,"column":3}}},"8":{"name":"(anonymous_17)","decl":{"start":{"line":93,"column":15},"end":{"line":93,"column":20}},"loc":{"start":{"line":95,"column":7},"end":{"line":111,"column":3}}},"9":{"name":"(anonymous_18)","decl":{"start":{"line":99,"column":68},"end":{"line":99,"column":71}},"loc":{"start":{"line":99,"column":73},"end":{"line":99,"column":76}}},"10":{"name":"(anonymous_19)","decl":{"start":{"line":114,"column":18},"end":{"line":114,"column":23}},"loc":{"start":{"line":117,"column":29},"end":{"line":127,"column":3}}},"11":{"name":"(anonymous_20)","decl":{"start":{"line":120,"column":66},"end":{"line":120,"column":69}},"loc":{"start":{"line":120,"column":71},"end":{"line":120,"column":74}}},"12":{"name":"(anonymous_21)","decl":{"start":{"line":129,"column":28},"end":{"line":129,"column":33}},"loc":{"start":{"line":129,"column":80},"end":{"line":132,"column":3}}},"13":{"name":"(anonymous_22)","decl":{"start":{"line":135,"column":21},"end":{"line":135,"column":26}},"loc":{"start":{"line":135,"column":130},"end":{"line":151,"column":3}}},"14":{"name":"(anonymous_23)","decl":{"start":{"line":139,"column":53},"end":{"line":139,"column":56}},"loc":{"start":{"line":139,"column":58},"end":{"line":139,"column":61}}},"15":{"name":"(anonymous_24)","decl":{"start":{"line":154,"column":22},"end":{"line":154,"column":27}},"loc":{"start":{"line":154,"column":101},"end":{"line":170,"column":3}}},"16":{"name":"(anonymous_25)","decl":{"start":{"line":158,"column":53},"end":{"line":158,"column":56}},"loc":{"start":{"line":158,"column":58},"end":{"line":158,"column":61}}},"17":{"name":"(anonymous_26)","decl":{"start":{"line":172,"column":14},"end":{"line":172,"column":19}},"loc":{"start":{"line":172,"column":82},"end":{"line":184,"column":3}}},"18":{"name":"(anonymous_27)","decl":{"start":{"line":186,"column":10},"end":{"line":186,"column":15}},"loc":{"start":{"line":186,"column":36},"end":{"line":198,"column":3}}},"19":{"name":"(anonymous_28)","decl":{"start":{"line":193,"column":28},"end":{"line":193,"column":41}},"loc":{"start":{"line":193,"column":28},"end":{"line":193,"column":68}}}},"branchMap":{"0":{"loc":{"start":{"line":13,"column":4},"end":{"line":13,"column":67}},"type":"cond-expr","locations":[{"start":{"line":13,"column":59},"end":{"line":13,"column":60}},{"start":{"line":13,"column":63},"end":{"line":13,"column":67}}]},"1":{"loc":{"start":{"line":13,"column":5},"end":{"line":13,"column":26}},"type":"cond-expr","locations":[{"start":{"line":13,"column":21},"end":{"line":13,"column":25}},{"start":{"line":13,"column":25},"end":{"line":13,"column":26}}]},"2":{"loc":{"start":{"line":13,"column":5},"end":{"line":13,"column":25}},"type":"binary-expr","locations":[{"start":{"line":13,"column":5},"end":{"line":13,"column":25}},{"start":{"line":13,"column":21},"end":{"line":13,"column":25}}]},"3":{"loc":{"start":{"line":13,"column":31},"end":{"line":13,"column":55}},"type":"cond-expr","locations":[{"start":{"line":13,"column":50},"end":{"line":13,"column":54}},{"start":{"line":13,"column":54},"end":{"line":13,"column":55}}]},"4":{"loc":{"start":{"line":13,"column":31},"end":{"line":13,"column":54}},"type":"binary-expr","locations":[{"start":{"line":13,"column":31},"end":{"line":13,"column":54}},{"start":{"line":13,"column":50},"end":{"line":13,"column":54}}]},"5":{"loc":{"start":{"line":14,"column":4},"end":{"line":14,"column":27}},"type":"cond-expr","locations":[{"start":{"line":14,"column":21},"end":{"line":14,"column":25}},{"start":{"line":14,"column":25},"end":{"line":14,"column":27}}]},"6":{"loc":{"start":{"line":14,"column":4},"end":{"line":14,"column":25}},"type":"binary-expr","locations":[{"start":{"line":14,"column":4},"end":{"line":14,"column":25}},{"start":{"line":14,"column":21},"end":{"line":14,"column":25}}]},"7":{"loc":{"start":{"line":18,"column":2},"end":{"line":23,"column":3}},"type":"switch","locations":[{"start":{"line":19,"column":4},"end":{"line":19,"column":36}},{"start":{"line":20,"column":4},"end":{"line":20,"column":41}},{"start":{"line":21,"column":4},"end":{"line":21,"column":39}},{"start":{"line":22,"column":4},"end":{"line":22,"column":37}}]},"8":{"loc":{"start":{"line":42,"column":4},"end":{"line":52,"column":5}},"type":"if","locations":[{"start":{"line":42,"column":4},"end":{"line":52,"column":5}}]},"9":{"loc":{"start":{"line":42,"column":8},"end":{"line":42,"column":35}},"type":"binary-expr","locations":[{"start":{"line":42,"column":8},"end":{"line":42,"column":15}},{"start":{"line":42,"column":19},"end":{"line":42,"column":35}}]},"10":{"loc":{"start":{"line":58,"column":4},"end":{"line":69,"column":5}},"type":"if","locations":[{"start":{"line":58,"column":4},"end":{"line":69,"column":5}}]},"11":{"loc":{"start":{"line":58,"column":8},"end":{"line":58,"column":82}},"type":"binary-expr","locations":[{"start":{"line":58,"column":8},"end":{"line":58,"column":17}},{"start":{"line":58,"column":21},"end":{"line":58,"column":44}},{"start":{"line":58,"column":48},"end":{"line":58,"column":82}}]},"12":{"loc":{"start":{"line":61,"column":6},"end":{"line":68,"column":7}},"type":"if","locations":[{"start":{"line":61,"column":6},"end":{"line":68,"column":7}}]},"13":{"loc":{"start":{"line":61,"column":10},"end":{"line":61,"column":34}},"type":"binary-expr","locations":[{"start":{"line":61,"column":10},"end":{"line":61,"column":14}},{"start":{"line":61,"column":18},"end":{"line":61,"column":34}}]},"14":{"loc":{"start":{"line":64,"column":41},"end":{"line":64,"column":96}},"type":"cond-expr","locations":[{"start":{"line":64,"column":69},"end":{"line":64,"column":73}},{"start":{"line":64,"column":73},"end":{"line":64,"column":96}}]},"15":{"loc":{"start":{"line":64,"column":41},"end":{"line":64,"column":73}},"type":"binary-expr","locations":[{"start":{"line":64,"column":41},"end":{"line":64,"column":73}},{"start":{"line":64,"column":69},"end":{"line":64,"column":73}}]},"16":{"loc":{"start":{"line":71,"column":4},"end":{"line":73,"column":5}},"type":"if","locations":[{"start":{"line":71,"column":4},"end":{"line":73,"column":5}}]},"17":{"loc":{"start":{"line":97,"column":4},"end":{"line":109,"column":5}},"type":"if","locations":[{"start":{"line":97,"column":4},"end":{"line":109,"column":5}}]},"18":{"loc":{"start":{"line":97,"column":8},"end":{"line":97,"column":35}},"type":"binary-expr","locations":[{"start":{"line":97,"column":8},"end":{"line":97,"column":20}},{"start":{"line":97,"column":24},"end":{"line":97,"column":35}}]},"19":{"loc":{"start":{"line":99,"column":6},"end":{"line":99,"column":78}},"type":"if","locations":[{"start":{"line":99,"column":6},"end":{"line":99,"column":78}}]},"20":{"loc":{"start":{"line":120,"column":4},"end":{"line":120,"column":76}},"type":"if","locations":[{"start":{"line":120,"column":4},"end":{"line":120,"column":76}}]},"21":{"loc":{"start":{"line":130,"column":4},"end":{"line":130,"column":44}},"type":"if","locations":[{"start":{"line":130,"column":4},"end":{"line":130,"column":44}}]},"22":{"loc":{"start":{"line":130,"column":8},"end":{"line":130,"column":35}},"type":"binary-expr","locations":[{"start":{"line":130,"column":8},"end":{"line":130,"column":15}},{"start":{"line":130,"column":19},"end":{"line":130,"column":35}}]},"23":{"loc":{"start":{"line":138,"column":4},"end":{"line":140,"column":5}},"type":"if","locations":[{"start":{"line":138,"column":4},"end":{"line":140,"column":5}}]},"24":{"loc":{"start":{"line":157,"column":4},"end":{"line":159,"column":5}},"type":"if","locations":[{"start":{"line":157,"column":4},"end":{"line":159,"column":5}}]}},"s":{"0":1,"1":1,"2":1,"3":1,"4":1,"5":4,"6":8,"7":4,"8":0,"9":0,"10":0,"11":4,"12":1,"13":1,"14":1,"15":2,"16":10,"17":10,"18":1,"19":9,"20":9,"21":9,"22":4,"23":4,"24":4,"25":4,"26":4,"27":3,"28":1,"29":9,"30":9,"31":9,"32":2,"33":0,"34":0,"35":0,"36":0,"37":0,"38":0,"39":0,"40":0,"41":0,"42":0,"43":0,"44":0,"45":3,"46":1,"47":2,"48":4,"49":4,"50":3,"51":3,"52":3,"53":2,"54":2,"55":2,"56":2,"57":2,"58":2,"59":1,"60":2,"61":2,"62":2,"63":4,"64":0},"f":{"0":4,"1":8,"2":4,"3":1,"4":2,"5":10,"6":1,"7":2,"8":0,"9":0,"10":0,"11":0,"12":3,"13":4,"14":3,"15":2,"16":2,"17":2,"18":2,"19":2},"b":{"0":[4,4],"1":[8,0],"2":[8,8],"3":[8,0],"4":[8,8],"5":[4,0],"6":[4,4],"7":[0,0,0,4],"8":[1],"9":[10,1],"10":[4],"11":[9,8,5],"12":[4],"13":[4,4],"14":[2,1],"15":[3,3],"16":[9],"17":[0],"18":[0,0],"19":[0],"20":[0],"21":[1],"22":[3,1],"23":[3],"24":[2]}}
}
