TN:
SF:src/core/api/client.ts
FN:11,(anonymous_1)
FN:31,(anonymous_2)
FN:40,(anonymous_3)
FN:41,(anonymous_4)
FN:46,(anonymous_5)
FN:48,(anonymous_6)
FNF:6
FNH:4
FNDA:51,(anonymous_1)
FNDA:217,(anonymous_2)
FNDA:166,(anonymous_3)
FNDA:51,(anonymous_4)
FNDA:0,(anonymous_5)
FNDA:0,(anonymous_6)
DA:1,12
DA:2,12
DA:3,12
DA:4,12
DA:11,12
DA:12,51
DA:16,51
DA:17,51
DA:18,51
DA:21,12
DA:31,12
DA:32,217
DA:33,217
DA:34,4
DA:36,217
DA:39,12
DA:40,166
DA:42,51
DA:46,7
DA:47,7
DA:48,1
DA:49,1
DA:52,51
LF:23
LH:23
BRDA:13,0,0,51
BRDA:13,0,1,0
BRDA:13,1,0,51
BRDA:13,1,1,51
BRDA:13,2,0,46
BRDA:13,2,1,5
BRDA:13,3,0,51
BRDA:13,3,1,51
BRDA:13,4,0,4
BRDA:13,4,1,47
BRDA:13,5,0,51
BRDA:13,5,1,51
BRDA:13,6,0,4
BRDA:13,6,1,47
BRDA:13,7,0,51
BRDA:13,7,1,51
BRDA:16,8,0,4
BRDA:16,8,1,47
BRDA:16,9,0,51
BRDA:16,9,1,51
BRDA:17,10,0,4
BRDA:17,10,1,47
BRDA:17,11,0,51
BRDA:17,11,1,51
BRDA:17,12,0,4
BRDA:17,12,1,47
BRDA:17,13,0,51
BRDA:17,13,1,51
BRDA:33,14,0,4
BRDA:42,15,0,7
BRDA:42,16,0,4
BRDA:42,16,1,47
BRDA:42,17,0,51
BRDA:42,17,1,51
BRDA:47,18,0,1
BRF:35
BRH:34
end_of_record
TN:
SF:src/core/api/endpoints/agentApi.ts
FN:17,(anonymous_0)
FN:18,(anonymous_1)
FN:20,(anonymous_2)
FN:23,(anonymous_3)
FN:25,(anonymous_4)
FN:26,(anonymous_5)
FN:28,(anonymous_6)
FN:31,(anonymous_7)
FN:33,(anonymous_8)
FN:36,(anonymous_9)
FN:38,(anonymous_10)
FN:41,(anonymous_11)
FN:43,(anonymous_12)
FN:46,(anonymous_13)
FN:48,(anonymous_14)
FN:54,(anonymous_15)
FNF:16
FNH:16
FNDA:2,(anonymous_0)
FNDA:1,(anonymous_1)
FNDA:3,(anonymous_2)
FNDA:2,(anonymous_3)
FNDA:2,(anonymous_4)
FNDA:1,(anonymous_5)
FNDA:2,(anonymous_6)
FNDA:2,(anonymous_7)
FNDA:2,(anonymous_8)
FNDA:2,(anonymous_9)
FNDA:2,(anonymous_10)
FNDA:1,(anonymous_11)
FNDA:2,(anonymous_12)
FNDA:1,(anonymous_13)
FNDA:3,(anonymous_14)
FNDA:3,(anonymous_15)
DA:1,1
DA:16,1
DA:18,2
DA:21,3
DA:23,2
DA:26,2
DA:29,2
DA:31,2
DA:34,2
DA:36,2
DA:39,2
DA:41,1
DA:44,2
DA:46,1
DA:49,3
DA:54,3
LF:16
LH:16
BRF:0
BRH:0
end_of_record
TN:
SF:src/core/api/endpoints/authApi.ts
FN:52,mapRole
FN:64,mapBackendUser
FN:90,toBackendRole
FN:100,(anonymous_3)
FN:136,(anonymous_4)
FN:142,(anonymous_5)
FN:160,(anonymous_6)
FN:181,(anonymous_7)
FN:185,(anonymous_8)
FN:196,(anonymous_9)
FN:217,(anonymous_10)
FN:225,(anonymous_11)
FN:233,(anonymous_12)
FN:242,(anonymous_13)
FN:270,(anonymous_14)
FN:272,(anonymous_15)
FN:285,(anonymous_16)
FN:294,(anonymous_17)
FN:300,(anonymous_18)
FNF:19
FNH:19
FNDA:18,mapRole
FNDA:18,mapBackendUser
FNDA:8,toBackendRole
FNDA:7,(anonymous_3)
FNDA:3,(anonymous_4)
FNDA:3,(anonymous_5)
FNDA:11,(anonymous_6)
FNDA:2,(anonymous_7)
FNDA:2,(anonymous_8)
FNDA:5,(anonymous_9)
FNDA:1,(anonymous_10)
FNDA:1,(anonymous_11)
FNDA:1,(anonymous_12)
FNDA:2,(anonymous_13)
FNDA:2,(anonymous_14)
FNDA:4,(anonymous_15)
FNDA:4,(anonymous_16)
FNDA:1,(anonymous_17)
FNDA:2,(anonymous_18)
DA:1,1
DA:2,1
DA:53,18
DA:54,0
DA:55,2
DA:56,1
DA:57,12
DA:58,1
DA:59,1
DA:60,1
DA:65,18
DA:91,8
DA:92,2
DA:93,1
DA:94,1
DA:95,0
DA:96,4
DA:100,1
DA:101,7
DA:106,6
DA:107,6
DA:136,1
DA:137,3
DA:138,2
DA:139,2
DA:142,1
DA:146,3
DA:153,3
DA:154,2
DA:157,1
DA:160,1
DA:161,11
DA:168,10
DA:170,10
DA:171,2
DA:174,8
DA:181,1
DA:182,2
DA:185,1
DA:186,2
DA:187,2
DA:188,2
DA:189,1
DA:196,1
DA:203,5
DA:204,5
DA:212,4
DA:213,4
DA:214,3
DA:217,1
DA:222,1
DA:225,1
DA:230,1
DA:233,1
DA:239,1
DA:242,1
DA:243,2
DA:244,2
DA:245,2
DA:246,2
DA:270,1
DA:271,2
DA:272,2
DA:273,4
DA:274,4
DA:275,1
DA:276,3
DA:277,1
DA:279,2
DA:282,2
DA:285,1
DA:286,4
DA:289,4
DA:290,4
DA:291,4
DA:294,1
DA:295,1
DA:300,1
DA:301,2
DA:302,1
LF:80
LH:78
BRDA:53,0,0,0
BRDA:53,0,1,2
BRDA:53,0,2,1
BRDA:53,0,3,12
BRDA:53,0,4,1
BRDA:53,0,5,1
BRDA:53,0,6,1
BRDA:70,1,0,16
BRDA:70,1,1,2
BRDA:70,2,0,1
BRDA:70,2,1,1
BRDA:78,3,0,1
BRDA:78,3,1,17
BRDA:78,4,0,18
BRDA:78,4,1,18
BRDA:91,5,0,2
BRDA:91,5,1,1
BRDA:91,5,2,1
BRDA:91,5,3,0
BRDA:91,5,4,4
BRDA:104,6,0,1
BRDA:104,6,1,6
BRDA:107,7,0,5
BRDA:107,7,1,1
BRDA:107,8,0,6
BRDA:107,8,1,6
BRDA:139,9,0,1
BRDA:139,9,1,1
BRDA:139,10,0,2
BRDA:139,10,1,2
BRDA:153,11,0,2
BRDA:153,12,0,0
BRDA:153,12,1,3
BRDA:153,13,0,3
BRDA:153,13,1,3
BRDA:153,14,0,0
BRDA:153,14,1,3
BRDA:153,15,0,3
BRDA:153,15,1,3
BRDA:154,16,0,2
BRDA:154,16,1,1
BRDA:154,17,0,0
BRDA:154,17,1,2
BRDA:154,18,0,2
BRDA:154,18,1,2
BRDA:154,19,0,0
BRDA:154,19,1,2
BRDA:154,20,0,2
BRDA:154,20,1,2
BRDA:165,21,0,0
BRDA:165,21,1,11
BRDA:166,22,0,0
BRDA:166,22,1,11
BRDA:170,23,0,2
BRDA:170,24,0,10
BRDA:170,24,1,9
BRDA:188,25,0,1
BRDA:188,26,0,2
BRDA:188,26,1,1
BRDA:203,27,0,1
BRDA:203,27,1,4
BRDA:209,28,0,1
BRDA:209,28,1,4
BRDA:210,29,0,0
BRDA:210,29,1,5
BRDA:213,30,0,1
BRDA:213,31,0,4
BRDA:213,31,1,3
BRDA:245,32,0,1
BRDA:245,32,1,1
BRDA:245,33,0,2
BRDA:245,33,1,2
BRDA:273,34,0,0
BRDA:273,35,0,4
BRDA:273,35,1,4
BRDA:274,36,0,1
BRDA:274,36,1,3
BRDA:276,37,0,1
BRDA:276,37,1,2
BRDA:290,38,0,3
BRDA:290,38,1,1
BRDA:290,39,0,4
BRDA:290,39,1,4
BRF:83
BRH:73
end_of_record
TN:
SF:src/core/api/endpoints/certificateApi.ts
FN:10,uploadMultipartWeb
FN:41,(anonymous_10)
FN:46,(anonymous_11)
FN:52,(anonymous_12)
FN:86,(anonymous_13)
FN:91,(anonymous_14)
FN:94,(anonymous_15)
FN:126,(anonymous_16)
FN:127,(anonymous_17)
FNF:9
FNH:8
FNDA:0,uploadMultipartWeb
FNDA:3,(anonymous_10)
FNDA:2,(anonymous_11)
FNDA:5,(anonymous_12)
FNDA:3,(anonymous_13)
FNDA:2,(anonymous_14)
FNDA:3,(anonymous_15)
FNDA:2,(anonymous_16)
FNDA:1,(anonymous_17)
DA:1,1
DA:2,1
DA:3,1
DA:4,1
DA:5,1
DA:18,0
DA:19,0
DA:20,0
DA:21,0
DA:22,0
DA:23,0
DA:24,0
DA:25,0
DA:27,0
DA:28,0
DA:29,0
DA:30,0
DA:31,0
DA:39,1
DA:42,3
DA:46,2
DA:58,5
DA:59,5
DA:62,5
DA:63,0
DA:64,0
DA:66,5
DA:74,5
DA:76,5
DA:77,2
DA:78,2
DA:80,3
DA:81,3
DA:82,1
DA:87,3
DA:91,2
DA:99,3
DA:100,3
DA:103,3
DA:104,0
DA:105,0
DA:107,3
DA:114,3
DA:116,3
DA:117,1
DA:118,1
DA:120,2
DA:121,2
DA:122,1
DA:127,2
LF:50
LH:33
BRDA:16,0,0,0
BRDA:20,1,0,0
BRDA:20,1,1,0
BRDA:20,2,0,0
BRDA:20,2,1,0
BRDA:20,3,0,0
BRDA:20,3,1,0
BRDA:20,4,0,0
BRDA:20,4,1,0
BRDA:20,5,0,0
BRDA:20,5,1,0
BRDA:20,6,0,0
BRDA:20,6,1,0
BRDA:28,7,0,0
BRDA:47,8,0,1
BRDA:47,8,1,1
BRDA:47,9,0,2
BRDA:47,9,1,2
BRDA:48,10,0,1
BRDA:48,10,1,1
BRDA:48,11,0,2
BRDA:48,11,1,2
BRDA:62,12,0,0
BRDA:62,12,1,5
BRDA:71,13,0,0
BRDA:71,13,1,5
BRDA:76,14,0,2
BRDA:78,15,0,1
BRDA:78,15,1,1
BRDA:78,16,0,2
BRDA:78,16,1,2
BRDA:81,17,0,2
BRDA:81,18,0,1
BRDA:81,18,1,1
BRDA:81,19,0,2
BRDA:81,19,1,2
BRDA:91,20,0,2
BRDA:91,20,1,0
BRDA:91,21,0,2
BRDA:91,21,1,2
BRDA:103,22,0,0
BRDA:103,22,1,3
BRDA:112,23,0,0
BRDA:112,23,1,3
BRDA:116,24,0,1
BRDA:118,25,0,1
BRDA:118,25,1,0
BRDA:118,26,0,1
BRDA:118,26,1,1
BRDA:121,27,0,1
BRDA:121,28,0,1
BRDA:121,28,1,0
BRDA:121,29,0,1
BRDA:121,29,1,1
BRF:54
BRH:33
end_of_record
TN:
SF:src/core/api/endpoints/chatApi.ts
FN:15,mapToFrontendMessage
FN:37,(anonymous_1)
FN:45,(anonymous_2)
FN:54,(anonymous_3)
FN:62,(anonymous_4)
FN:64,(anonymous_5)
FN:81,(anonymous_6)
FN:86,(anonymous_7)
FNF:8
FNH:8
FNDA:4,mapToFrontendMessage
FNDA:7,(anonymous_1)
FNDA:4,(anonymous_2)
FNDA:3,(anonymous_3)
FNDA:2,(anonymous_4)
FNDA:2,(anonymous_5)
FNDA:2,(anonymous_6)
FNDA:1,(anonymous_7)
DA:1,1
DA:16,4
DA:36,1
DA:38,7
DA:45,6
DA:46,6
DA:60,3
DA:62,2
DA:69,2
DA:70,2
DA:71,2
DA:78,1
DA:82,2
DA:86,1
LF:14
LH:14
BRDA:17,0,0,3
BRDA:17,0,1,1
BRDA:17,1,0,4
BRDA:17,1,1,4
BRDA:22,2,0,4
BRDA:22,2,1,0
BRDA:22,3,0,4
BRDA:22,3,1,4
BRDA:22,4,0,0
BRDA:22,4,1,4
BRDA:22,5,0,4
BRDA:22,5,1,4
BRDA:23,6,0,1
BRDA:23,6,1,3
BRDA:23,7,0,4
BRDA:23,7,1,1
BRDA:24,8,0,1
BRDA:24,8,1,3
BRDA:24,9,0,4
BRDA:24,9,1,1
BRDA:25,10,0,1
BRDA:25,10,1,3
BRDA:25,11,0,4
BRDA:25,11,1,1
BRDA:37,12,0,6
BRDA:37,13,0,6
BRDA:45,14,0,5
BRDA:45,14,1,1
BRDA:45,15,0,6
BRDA:45,15,1,5
BRDA:48,16,0,2
BRDA:48,16,1,4
BRDA:48,17,0,6
BRDA:48,17,1,6
BRDA:49,18,0,2
BRDA:49,18,1,4
BRDA:49,19,0,6
BRDA:49,19,1,6
BRDA:50,20,0,2
BRDA:50,20,1,4
BRDA:50,21,0,6
BRDA:50,21,1,6
BRF:42
BRH:40
end_of_record
TN:
SF:src/core/api/endpoints/notificationApi.ts
FN:36,(anonymous_0)
FN:37,(anonymous_1)
FN:39,(anonymous_2)
FN:40,(anonymous_3)
FN:42,(anonymous_4)
FN:43,(anonymous_5)
FN:45,(anonymous_6)
FN:46,(anonymous_7)
FN:48,(anonymous_8)
FN:49,(anonymous_9)
FN:51,(anonymous_10)
FN:52,(anonymous_11)
FN:54,(anonymous_12)
FN:55,(anonymous_13)
FNF:14
FNH:14
FNDA:2,(anonymous_0)
FNDA:1,(anonymous_1)
FNDA:2,(anonymous_2)
FNDA:1,(anonymous_3)
FNDA:3,(anonymous_4)
FNDA:2,(anonymous_5)
FNDA:2,(anonymous_6)
FNDA:1,(anonymous_7)
FNDA:1,(anonymous_8)
FNDA:1,(anonymous_9)
FNDA:1,(anonymous_10)
FNDA:1,(anonymous_11)
FNDA:3,(anonymous_12)
FNDA:2,(anonymous_13)
DA:1,1
DA:35,1
DA:37,2
DA:40,2
DA:43,3
DA:46,2
DA:49,1
DA:52,1
DA:55,3
LF:9
LH:9
BRF:0
BRH:0
end_of_record
TN:
SF:src/core/api/endpoints/paymentApi.ts
FN:49,(anonymous_0)
FN:54,(anonymous_1)
FN:59,(anonymous_2)
FNF:3
FNH:3
FNDA:3,(anonymous_0)
FNDA:3,(anonymous_1)
FNDA:6,(anonymous_2)
DA:1,1
DA:3,1
DA:48,1
DA:50,3
DA:51,1
DA:55,3
DA:56,2
DA:60,6
DA:61,6
DA:62,6
DA:63,6
DA:73,5
LF:12
LH:12
BRDA:61,0,0,1
BRDA:61,0,1,5
BRDA:61,1,0,6
BRDA:61,1,1,6
BRDA:61,2,0,4
BRDA:61,2,1,1
BRDA:62,3,0,1
BRDA:62,3,1,5
BRDA:62,4,0,6
BRDA:62,4,1,6
BRF:10
BRH:10
end_of_record
TN:
SF:src/core/api/endpoints/requirementsApi.ts
FN:144,(anonymous_0)
FN:146,(anonymous_1)
FN:148,(anonymous_2)
FN:162,(anonymous_3)
FN:185,(anonymous_4)
FN:196,(anonymous_5)
FN:199,(anonymous_6)
FN:201,(anonymous_7)
FN:206,(anonymous_8)
FN:207,(anonymous_9)
FN:209,(anonymous_10)
FN:210,(anonymous_11)
FN:212,(anonymous_12)
FN:215,(anonymous_13)
FN:218,(anonymous_14)
FN:221,(anonymous_15)
FN:224,(anonymous_16)
FN:230,(anonymous_17)
FN:236,(anonymous_18)
FN:239,(anonymous_19)
FN:241,(anonymous_20)
FN:244,(anonymous_21)
FN:246,(anonymous_22)
FN:249,(anonymous_23)
FN:251,(anonymous_24)
FN:254,(anonymous_25)
FN:256,(anonymous_26)
FN:257,(anonymous_27)
FN:259,(anonymous_28)
FN:260,(anonymous_29)
FN:262,(anonymous_30)
FN:263,(anonymous_31)
FN:265,(anonymous_32)
FN:271,(anonymous_33)
FN:274,(anonymous_34)
FN:275,(anonymous_35)
FN:277,(anonymous_36)
FN:280,(anonymous_37)
FN:288,(anonymous_38)
FN:294,(anonymous_39)
FN:305,(anonymous_40)
FN:308,(anonymous_41)
FN:313,(anonymous_42)
FN:314,(anonymous_43)
FN:316,(anonymous_44)
FN:322,(anonymous_45)
FN:330,(anonymous_46)
FN:336,(anonymous_47)
FN:344,(anonymous_48)
FN:347,(anonymous_49)
FN:351,(anonymous_50)
FN:356,(anonymous_51)
FNF:52
FNH:47
FNDA:5,(anonymous_0)
FNDA:16,(anonymous_1)
FNDA:0,(anonymous_2)
FNDA:5,(anonymous_3)
FNDA:5,(anonymous_4)
FNDA:1,(anonymous_5)
FNDA:1,(anonymous_6)
FNDA:2,(anonymous_7)
FNDA:1,(anonymous_8)
FNDA:1,(anonymous_9)
FNDA:1,(anonymous_10)
FNDA:1,(anonymous_11)
FNDA:1,(anonymous_12)
FNDA:1,(anonymous_13)
FNDA:2,(anonymous_14)
FNDA:2,(anonymous_15)
FNDA:2,(anonymous_16)
FNDA:2,(anonymous_17)
FNDA:1,(anonymous_18)
FNDA:1,(anonymous_19)
FNDA:1,(anonymous_20)
FNDA:1,(anonymous_21)
FNDA:0,(anonymous_22)
FNDA:0,(anonymous_23)
FNDA:0,(anonymous_24)
FNDA:0,(anonymous_25)
FNDA:1,(anonymous_26)
FNDA:1,(anonymous_27)
FNDA:1,(anonymous_28)
FNDA:1,(anonymous_29)
FNDA:1,(anonymous_30)
FNDA:1,(anonymous_31)
FNDA:2,(anonymous_32)
FNDA:2,(anonymous_33)
FNDA:1,(anonymous_34)
FNDA:1,(anonymous_35)
FNDA:4,(anonymous_36)
FNDA:4,(anonymous_37)
FNDA:3,(anonymous_38)
FNDA:3,(anonymous_39)
FNDA:2,(anonymous_40)
FNDA:2,(anonymous_41)
FNDA:1,(anonymous_42)
FNDA:1,(anonymous_43)
FNDA:2,(anonymous_44)
FNDA:2,(anonymous_45)
FNDA:1,(anonymous_46)
FNDA:1,(anonymous_47)
FNDA:2,(anonymous_48)
FNDA:2,(anonymous_49)
FNDA:2,(anonymous_50)
FNDA:1,(anonymous_51)
DA:1,1
DA:144,1
DA:145,5
DA:146,5
DA:147,16
DA:148,0
DA:149,0
DA:150,0
DA:153,16
DA:154,16
DA:157,5
DA:160,1
DA:163,5
DA:164,5
DA:167,5
DA:170,5
DA:171,5
DA:172,5
DA:173,5
DA:174,5
DA:175,5
DA:177,5
DA:178,5
DA:185,5
DA:197,1
DA:199,1
DA:202,2
DA:203,1
DA:207,1
DA:210,1
DA:213,1
DA:215,1
DA:219,2
DA:221,2
DA:225,2
DA:230,2
DA:237,1
DA:239,1
DA:242,1
DA:244,1
DA:247,0
DA:249,0
DA:252,0
DA:254,0
DA:257,1
DA:260,1
DA:263,1
DA:266,2
DA:267,2
DA:268,2
DA:269,2
DA:271,2
DA:275,1
DA:278,4
DA:281,4
DA:282,4
DA:283,3
DA:289,3
DA:295,3
DA:296,3
DA:297,2
DA:306,2
DA:309,2
DA:310,2
DA:314,1
DA:317,2
DA:323,2
DA:324,2
DA:331,1
DA:337,1
DA:338,1
DA:345,2
DA:347,2
DA:352,2
DA:356,1
LF:75
LH:68
BRDA:147,0,0,0
BRDA:147,0,1,16
BRDA:149,1,0,0
BRDA:149,2,0,0
BRDA:149,2,1,0
BRDA:149,2,2,0
BRDA:153,3,0,16
BRDA:153,4,0,16
BRDA:153,4,1,16
BRDA:153,4,2,16
BRDA:163,5,0,3
BRDA:163,6,0,4
BRDA:167,7,0,1
BRDA:167,8,0,5
BRDA:167,8,1,1
BRDA:170,9,0,1
BRDA:171,10,0,0
BRDA:172,11,0,1
BRDA:173,12,0,1
BRDA:174,13,0,1
BRDA:174,14,0,4
BRDA:174,14,1,1
BRDA:174,15,0,5
BRDA:174,15,1,5
BRDA:175,16,0,1
BRDA:186,17,0,4
BRDA:186,17,1,1
BRDA:186,18,0,5
BRDA:186,18,1,5
BRDA:187,19,0,2
BRDA:187,19,1,3
BRDA:187,20,0,5
BRDA:187,20,1,5
BRDA:190,21,0,1
BRDA:190,21,1,2
BRDA:190,22,0,3
BRDA:190,22,1,3
BRDA:224,23,0,1
BRDA:224,24,0,1
BRDA:231,25,0,2
BRDA:231,25,1,0
BRDA:231,26,0,2
BRDA:231,26,1,2
BRDA:232,27,0,1
BRDA:232,27,1,1
BRDA:232,28,0,2
BRDA:232,28,1,2
BRDA:268,29,0,1
BRDA:271,30,0,1
BRDA:271,30,1,1
BRDA:271,31,0,2
BRDA:271,31,1,2
BRDA:282,32,0,1
BRDA:283,33,0,2
BRDA:283,33,1,1
BRDA:283,34,0,3
BRDA:283,34,1,3
BRDA:283,35,0,1
BRDA:283,35,1,2
BRDA:283,36,0,3
BRDA:283,36,1,3
BRDA:296,37,0,1
BRDA:298,38,0,2
BRDA:298,38,1,0
BRDA:298,39,0,2
BRDA:298,39,1,2
BRDA:298,40,0,1
BRDA:298,40,1,1
BRDA:298,41,0,2
BRDA:298,41,1,2
BRDA:301,42,0,1
BRDA:301,42,1,1
BRDA:301,43,0,2
BRDA:301,43,1,2
BRDA:310,44,0,1
BRDA:310,44,1,1
BRDA:310,45,0,2
BRDA:310,45,1,2
BRDA:325,46,0,2
BRDA:325,46,1,0
BRDA:325,47,0,2
BRDA:325,47,1,2
BRDA:325,48,0,1
BRDA:325,48,1,1
BRDA:325,49,0,2
BRDA:325,49,1,2
BRDA:326,50,0,1
BRDA:326,50,1,1
BRDA:326,51,0,2
BRDA:326,51,1,2
BRDA:339,52,0,1
BRDA:339,52,1,0
BRDA:339,53,0,1
BRDA:339,53,1,1
BRDA:339,54,0,1
BRDA:339,54,1,0
BRDA:339,55,0,1
BRDA:339,55,1,1
BRDA:340,56,0,1
BRDA:340,56,1,0
BRDA:340,57,0,1
BRDA:340,57,1,1
BRDA:347,58,0,1
BRDA:347,58,1,1
BRDA:347,59,0,2
BRDA:347,59,1,2
BRF:106
BRH:94
end_of_record
TN:
SF:src/core/api/endpoints/walletApi.ts
FN:82,(anonymous_0)
FN:85,(anonymous_1)
FN:87,(anonymous_2)
FN:103,(anonymous_3)
FN:106,(anonymous_4)
FN:108,(anonymous_5)
FN:111,(anonymous_6)
FN:113,(anonymous_7)
FN:116,(anonymous_8)
FN:118,(anonymous_9)
FN:119,(anonymous_10)
FN:121,(anonymous_11)
FN:122,(anonymous_12)
FN:124,(anonymous_13)
FN:127,(anonymous_14)
FN:132,(anonymous_15)
FN:141,(anonymous_16)
FN:143,(anonymous_17)
FN:150,(anonymous_18)
FN:153,(anonymous_19)
FNF:20
FNH:20
FNDA:2,(anonymous_0)
FNDA:1,(anonymous_1)
FNDA:3,(anonymous_2)
FNDA:1,(anonymous_3)
FNDA:1,(anonymous_4)
FNDA:1,(anonymous_5)
FNDA:1,(anonymous_6)
FNDA:1,(anonymous_7)
FNDA:1,(anonymous_8)
FNDA:2,(anonymous_9)
FNDA:1,(anonymous_10)
FNDA:1,(anonymous_11)
FNDA:1,(anonymous_12)
FNDA:3,(anonymous_13)
FNDA:3,(anonymous_14)
FNDA:1,(anonymous_15)
FNDA:1,(anonymous_16)
FNDA:1,(anonymous_17)
FNDA:1,(anonymous_18)
FNDA:2,(anonymous_19)
DA:1,1
DA:2,1
DA:3,1
DA:81,1
DA:83,2
DA:85,1
DA:88,3
DA:89,3
DA:92,1
DA:96,2
DA:97,2
DA:98,1
DA:104,1
DA:106,1
DA:109,1
DA:111,1
DA:114,1
DA:116,1
DA:119,2
DA:122,1
DA:125,3
DA:128,3
DA:129,3
DA:139,1
DA:141,1
DA:150,1
DA:154,2
DA:155,2
DA:156,2
LF:29
LH:29
BRDA:96,0,0,0
BRDA:96,0,1,2
BRDA:96,1,0,2
BRDA:96,1,1,2
BRDA:97,2,0,1
BRDA:129,3,0,2
BRDA:129,3,1,1
BRDA:129,4,0,3
BRDA:129,4,1,3
BRDA:129,5,0,1
BRDA:129,5,1,2
BRDA:129,6,0,3
BRDA:129,6,1,3
BRDA:129,7,0,2
BRDA:129,7,1,1
BRDA:129,8,0,3
BRDA:129,8,1,3
BRDA:156,9,0,1
BRDA:156,9,1,1
BRDA:156,10,0,2
BRDA:156,10,1,1
BRF:21
BRH:20
end_of_record
TN:
SF:src/core/api/endpoints/workerApi.ts
FN:89,mapAgentToWorkerProfile
FN:110,(anonymous_1)
FN:139,(anonymous_2)
FN:144,(anonymous_3)
FN:148,(anonymous_4)
FN:153,(anonymous_5)
FN:157,(anonymous_6)
FN:162,(anonymous_7)
FN:163,(anonymous_8)
FN:167,(anonymous_9)
FN:171,(anonymous_10)
FN:172,(anonymous_11)
FN:177,(anonymous_12)
FN:180,(anonymous_13)
FN:192,(anonymous_14)
FN:193,(anonymous_15)
FN:195,(anonymous_16)
FN:196,(anonymous_17)
FN:198,(anonymous_18)
FN:201,(anonymous_19)
FN:203,(anonymous_20)
FN:204,(anonymous_21)
FN:206,(anonymous_22)
FN:233,(anonymous_23)
FNF:24
FNH:21
FNDA:8,mapAgentToWorkerProfile
FNDA:9,(anonymous_1)
FNDA:2,(anonymous_2)
FNDA:2,(anonymous_3)
FNDA:2,(anonymous_4)
FNDA:1,(anonymous_5)
FNDA:1,(anonymous_6)
FNDA:0,(anonymous_7)
FNDA:0,(anonymous_8)
FNDA:3,(anonymous_9)
FNDA:4,(anonymous_10)
FNDA:3,(anonymous_11)
FNDA:4,(anonymous_12)
FNDA:3,(anonymous_13)
FNDA:1,(anonymous_14)
FNDA:1,(anonymous_15)
FNDA:1,(anonymous_16)
FNDA:1,(anonymous_17)
FNDA:1,(anonymous_18)
FNDA:1,(anonymous_19)
FNDA:1,(anonymous_20)
FNDA:1,(anonymous_21)
FNDA:4,(anonymous_22)
FNDA:0,(anonymous_23)
DA:1,1
DA:2,1
DA:3,1
DA:90,8
DA:109,1
DA:111,9
DA:128,8
DA:129,8
DA:130,8
DA:140,2
DA:141,1
DA:145,2
DA:149,2
DA:150,2
DA:154,1
DA:158,1
DA:159,1
DA:163,0
DA:168,3
DA:170,2
DA:172,4
DA:175,2
DA:178,4
DA:180,3
DA:193,1
DA:196,1
DA:199,1
DA:201,1
DA:204,1
DA:207,4
DA:208,4
DA:209,4
DA:211,4
DA:216,0
DA:217,0
DA:218,0
DA:223,4
DA:226,4
DA:227,4
DA:232,4
DA:233,2
DA:234,2
DA:236,2
DA:237,2
LF:44
LH:40
BRDA:94,0,0,8
BRDA:94,0,1,0
BRDA:94,1,0,8
BRDA:94,1,1,8
BRDA:94,2,0,0
BRDA:94,2,1,8
BRDA:94,3,0,8
BRDA:94,3,1,8
BRDA:95,4,0,8
BRDA:95,4,1,0
BRDA:95,5,0,8
BRDA:95,5,1,8
BRDA:96,6,0,8
BRDA:96,6,1,0
BRDA:96,7,0,8
BRDA:96,7,1,8
BRDA:97,8,0,8
BRDA:97,8,1,0
BRDA:97,9,0,8
BRDA:97,9,1,8
BRDA:98,10,0,8
BRDA:98,10,1,0
BRDA:99,11,0,8
BRDA:99,11,1,0
BRDA:99,12,0,8
BRDA:99,12,1,8
BRDA:102,13,0,6
BRDA:102,13,1,2
BRDA:102,14,0,1
BRDA:102,14,1,1
BRDA:104,15,0,7
BRDA:104,15,1,1
BRDA:104,16,0,8
BRDA:104,16,1,8
BRDA:113,17,0,9
BRDA:113,17,1,8
BRDA:114,18,0,9
BRDA:114,18,1,9
BRDA:114,18,2,8
BRDA:115,19,0,9
BRDA:115,19,1,9
BRDA:116,20,0,9
BRDA:116,20,1,9
BRDA:117,21,0,9
BRDA:117,21,1,9
BRDA:118,22,0,9
BRDA:118,22,1,9
BRDA:119,23,0,9
BRDA:119,23,1,9
BRDA:120,24,0,9
BRDA:120,24,1,9
BRDA:121,25,0,9
BRDA:121,25,1,9
BRDA:122,26,0,9
BRDA:122,26,1,9
BRDA:123,27,0,9
BRDA:123,27,1,9
BRDA:124,28,0,1
BRDA:124,28,1,8
BRDA:124,29,0,9
BRDA:124,29,1,9
BRDA:125,30,0,1
BRDA:125,30,1,8
BRDA:125,31,0,9
BRDA:125,31,1,9
BRDA:128,32,0,7
BRDA:128,32,1,1
BRDA:128,33,0,8
BRDA:128,33,1,8
BRDA:128,34,0,0
BRDA:128,34,1,8
BRDA:128,35,0,8
BRDA:128,35,1,8
BRDA:129,36,0,0
BRDA:129,36,1,8
BRDA:129,37,0,8
BRDA:129,37,1,8
BRDA:133,38,0,3
BRDA:133,38,1,5
BRDA:133,39,0,8
BRDA:133,39,1,8
BRDA:133,40,0,2
BRDA:133,40,1,6
BRDA:133,41,0,8
BRDA:133,41,1,8
BRDA:133,42,0,5
BRDA:133,42,1,3
BRDA:133,43,0,8
BRDA:133,43,1,8
BRDA:133,44,0,5
BRDA:133,44,1,1
BRDA:133,45,0,6
BRDA:133,45,1,6
BRDA:134,46,0,3
BRDA:134,46,1,5
BRDA:134,47,0,8
BRDA:134,47,1,8
BRDA:134,48,0,5
BRDA:134,48,1,3
BRDA:134,49,0,8
BRDA:134,49,1,8
BRDA:135,50,0,3
BRDA:135,50,1,5
BRDA:135,51,0,8
BRDA:135,51,1,8
BRDA:135,52,0,5
BRDA:135,52,1,3
BRDA:135,53,0,8
BRDA:135,53,1,8
BRDA:150,54,0,1
BRDA:150,54,1,1
BRDA:150,55,0,2
BRDA:150,55,1,1
BRDA:168,56,0,1
BRDA:178,57,0,4
BRDA:178,57,1,3
BRDA:182,58,0,3
BRDA:182,58,1,0
BRDA:182,59,0,3
BRDA:182,59,1,3
BRDA:182,60,0,3
BRDA:182,60,1,0
BRDA:182,61,0,3
BRDA:182,61,1,3
BRDA:183,62,0,3
BRDA:183,62,1,0
BRDA:183,63,0,3
BRDA:183,63,1,3
BRDA:207,64,0,4
BRDA:207,64,1,0
BRDA:207,65,0,4
BRDA:207,65,1,4
BRDA:207,66,0,0
BRDA:207,66,1,4
BRDA:207,67,0,4
BRDA:207,67,1,4
BRDA:208,68,0,3
BRDA:208,68,1,1
BRDA:211,69,0,0
BRDA:211,69,1,4
BRDA:211,70,0,4
BRDA:211,70,1,4
BRDA:229,71,0,0
BRDA:229,71,1,4
BRDA:232,72,0,2
BRDA:234,73,0,1
BRDA:234,73,1,1
BRDA:234,74,0,2
BRDA:234,74,1,2
BRF:149
BRH:133
end_of_record
TN:
SF:src/core/api/endpoints/workerMappingApi.ts
FN:41,(anonymous_0)
FN:47,(anonymous_1)
FN:50,(anonymous_2)
FN:55,(anonymous_3)
FN:58,(anonymous_4)
FN:65,(anonymous_5)
FN:68,(anonymous_6)
FN:74,(anonymous_7)
FN:77,(anonymous_8)
FN:80,(anonymous_9)
FN:83,(anonymous_10)
FN:94,(anonymous_11)
FNF:12
FNH:12
FNDA:3,(anonymous_0)
FNDA:2,(anonymous_1)
FNDA:3,(anonymous_2)
FNDA:2,(anonymous_3)
FNDA:2,(anonymous_4)
FNDA:1,(anonymous_5)
FNDA:3,(anonymous_6)
FNDA:2,(anonymous_7)
FNDA:3,(anonymous_8)
FNDA:1,(anonymous_9)
FNDA:2,(anonymous_10)
FNDA:1,(anonymous_11)
DA:1,1
DA:39,1
DA:42,3
DA:47,2
DA:51,3
DA:55,2
DA:59,2
DA:65,1
DA:69,3
DA:74,2
DA:78,3
DA:80,1
DA:84,2
DA:94,1
LF:14
LH:14
BRDA:55,0,0,1
BRDA:55,0,1,1
BRDA:55,1,0,2
BRDA:55,1,1,2
BRF:4
BRH:4
end_of_record
TN:
SF:src/core/storage/authStorage.ts
FN:8,(anonymous_10)
FN:23,(anonymous_11)
FN:50,(anonymous_12)
FN:58,(anonymous_13)
FNF:4
FNH:4
FNDA:7,(anonymous_10)
FNDA:6,(anonymous_11)
FNDA:2,(anonymous_12)
FNDA:2,(anonymous_13)
DA:1,1
DA:2,1
DA:3,1
DA:8,1
DA:9,7
DA:16,7
DA:23,1
DA:24,6
DA:30,6
DA:31,3
DA:34,3
DA:35,3
DA:36,2
DA:46,1
DA:50,1
DA:51,2
DA:58,1
DA:59,2
LF:18
LH:18
BRDA:30,0,0,3
BRDA:30,1,0,6
BRDA:30,1,1,5
BRDA:30,1,2,4
BRF:4
BRH:4
end_of_record
TN:
SF:src/features/auth/services/authService.ts
FN:10,pickBestRole
FN:11,(anonymous_10)
FN:16,toCurrentBackendRole
FN:25,(anonymous_12)
FN:35,(anonymous_13)
FN:38,(anonymous_14)
FN:71,(anonymous_15)
FN:85,(anonymous_16)
FN:89,(anonymous_17)
FN:95,(anonymous_18)
FN:99,(anonymous_19)
FN:114,(anonymous_20)
FN:118,(anonymous_21)
FN:132,(anonymous_22)
FN:146,(anonymous_23)
FN:153,(anonymous_24)
FNF:16
FNH:16
FNDA:4,pickBestRole
FNDA:8,(anonymous_10)
FNDA:4,toCurrentBackendRole
FNDA:1,(anonymous_12)
FNDA:2,(anonymous_13)
FNDA:10,(anonymous_14)
FNDA:1,(anonymous_15)
FNDA:2,(anonymous_16)
FNDA:3,(anonymous_17)
FNDA:4,(anonymous_18)
FNDA:3,(anonymous_19)
FNDA:2,(anonymous_20)
FNDA:2,(anonymous_21)
FNDA:2,(anonymous_22)
FNDA:2,(anonymous_23)
FNDA:2,(anonymous_24)
DA:1,1
DA:2,1
DA:3,1
DA:8,1
DA:11,4
DA:12,8
DA:17,4
DA:18,0
DA:19,0
DA:20,0
DA:21,4
DA:25,1
DA:34,1
DA:36,2
DA:39,10
DA:41,10
DA:42,1
DA:53,9
DA:56,9
DA:57,9
DA:58,4
DA:59,4
DA:60,4
DA:61,4
DA:62,4
DA:63,3
DA:65,1
DA:70,9
DA:71,9
DA:73,9
DA:86,2
DA:90,3
DA:91,2
DA:96,4
DA:97,4
DA:98,3
DA:99,3
DA:101,3
DA:115,2
DA:116,2
DA:117,2
DA:118,2
DA:120,2
DA:133,2
DA:134,1
DA:147,2
DA:148,2
DA:152,2
DA:153,4
DA:154,2
LF:50
LH:47
BRDA:12,0,0,4
BRDA:12,0,1,4
BRDA:12,1,0,8
BRDA:12,1,1,0
BRDA:12,2,0,8
BRDA:12,2,1,8
BRDA:12,3,0,8
BRDA:12,3,1,0
BRDA:12,4,0,8
BRDA:12,4,1,8
BRDA:13,5,0,4
BRDA:13,5,1,0
BRDA:13,6,0,4
BRDA:13,6,1,4
BRDA:17,7,0,0
BRDA:17,7,1,0
BRDA:17,7,2,0
BRDA:17,7,3,4
BRDA:41,8,0,1
BRDA:41,9,0,10
BRDA:41,9,1,1
BRDA:57,10,0,4
BRDA:57,11,0,9
BRDA:57,11,1,8
BRDA:57,11,2,5
BRDA:60,12,0,4
BRDA:60,13,0,4
BRDA:60,13,1,4
BRDA:63,14,0,2
BRDA:63,14,1,1
BRDA:63,15,0,3
BRDA:63,15,1,3
BRDA:70,16,0,9
BRDA:90,17,0,1
BRDA:90,18,0,3
BRDA:90,18,1,1
BRDA:98,19,0,3
BRDA:117,20,0,2
BRF:38
BRH:32
end_of_record
