TN:
SF:src/features/auth/services/authService.ts
FN:11,pickBestRole
FN:12,(anonymous_10)
FN:17,toCurrentBackendRole
FN:26,(anonymous_12)
FN:36,(anonymous_13)
FN:39,(anonymous_14)
FN:72,(anonymous_15)
FN:86,(anonymous_16)
FN:93,(anonymous_17)
FN:99,(anonymous_18)
FN:114,(anonymous_19)
FN:120,(anonymous_20)
FN:129,(anonymous_21)
FN:135,(anonymous_22)
FN:139,(anonymous_23)
FN:154,(anonymous_24)
FN:158,(anonymous_25)
FN:172,(anonymous_26)
FN:186,(anonymous_27)
FN:193,(anonymous_28)
FNF:20
FNH:16
FNDA:4,pickBestRole
FNDA:8,(anonymous_10)
FNDA:4,toCurrentBackendRole
FNDA:1,(anonymous_12)
FNDA:2,(anonymous_13)
FNDA:10,(anonymous_14)
FNDA:1,(anonymous_15)
FNDA:2,(anonymous_16)
FNDA:0,(anonymous_17)
FNDA:0,(anonymous_18)
FNDA:0,(anonymous_19)
FNDA:0,(anonymous_20)
FNDA:3,(anonymous_21)
FNDA:4,(anonymous_22)
FNDA:3,(anonymous_23)
FNDA:2,(anonymous_24)
FNDA:2,(anonymous_25)
FNDA:2,(anonymous_26)
FNDA:2,(anonymous_27)
FNDA:2,(anonymous_28)
DA:1,1
DA:2,1
DA:3,1
DA:6,1
DA:9,1
DA:12,4
DA:13,8
DA:18,4
DA:19,0
DA:20,0
DA:21,0
DA:22,4
DA:26,1
DA:35,1
DA:37,2
DA:40,10
DA:42,10
DA:43,1
DA:54,9
DA:57,9
DA:58,9
DA:59,4
DA:60,4
DA:61,4
DA:62,4
DA:63,4
DA:64,3
DA:66,1
DA:71,9
DA:72,9
DA:74,9
DA:87,2
DA:96,0
DA:97,0
DA:98,0
DA:99,0
DA:100,0
DA:110,0
DA:118,0
DA:119,0
DA:120,0
DA:121,0
DA:130,3
DA:131,2
DA:136,4
DA:137,4
DA:138,3
DA:139,3
DA:141,3
DA:155,2
DA:156,2
DA:157,2
DA:158,2
DA:160,2
DA:173,2
DA:174,1
DA:187,2
DA:188,2
DA:192,2
DA:193,4
DA:194,0
LF:61
LH:47
BRDA:13,0,0,4
BRDA:13,0,1,4
BRDA:13,1,0,8
BRDA:13,1,1,0
BRDA:13,2,0,8
BRDA:13,2,1,8
BRDA:13,3,0,8
BRDA:13,3,1,0
BRDA:13,4,0,8
BRDA:13,4,1,8
BRDA:14,5,0,4
BRDA:14,5,1,0
BRDA:14,6,0,4
BRDA:14,6,1,4
BRDA:18,7,0,0
BRDA:18,7,1,0
BRDA:18,7,2,0
BRDA:18,7,3,4
BRDA:42,8,0,1
BRDA:42,9,0,10
BRDA:42,9,1,1
BRDA:58,10,0,4
BRDA:58,11,0,9
BRDA:58,11,1,8
BRDA:58,11,2,5
BRDA:61,12,0,4
BRDA:61,13,0,4
BRDA:61,13,1,4
BRDA:64,14,0,2
BRDA:64,14,1,1
BRDA:64,15,0,3
BRDA:64,15,1,3
BRDA:71,16,0,9
BRDA:97,17,0,0
BRDA:97,18,0,0
BRDA:97,18,1,0
BRDA:99,19,0,0
BRDA:120,20,0,0
BRDA:130,21,0,1
BRDA:130,22,0,3
BRDA:130,22,1,1
BRDA:138,23,0,3
BRDA:157,24,0,2
BRF:43
BRH:32
end_of_record
